The system is: Linux - 3.6.11-10.1.26.jolla - armv7l
Compiling the C compiler identification source file "CMakeCCompilerId.c" succeeded.
Compiler: /usr/bin/cc 
Build flags: 
Id flags: 

The output was:
0


Compilation of the C compiler identification source "CMakeCCompilerId.c" produced "a.out"

The C compiler identification is GNU, found in "/home/mersdk/share/stellarium-mobile-1.24/CMakeFiles/3.6.2/CompilerIdC/a.out"

Compiling the CXX compiler identification source file "CMakeCXXCompilerId.cpp" succeeded.
Compiler: /usr/bin/c++ 
Build flags: 
Id flags: 

The output was:
0


Compilation of the CXX compiler identification source "CMakeCXXCompilerId.cpp" produced "a.out"

The CXX compiler identification is GNU, found in "/home/mersdk/share/stellarium-mobile-1.24/CMakeFiles/3.6.2/CompilerIdCXX/a.out"

Determining if the C compiler works passed with the following output:
Change Dir: /home/mersdk/share/stellarium-mobile-1.24/CMakeFiles/CMakeTmp

Run Build Command:"/usr/bin/gmake" "cmTC_aa7f9/fast"
gmake: Warning: File `Makefile' has modification time 1.4 s in the future
/usr/bin/gmake -f CMakeFiles/cmTC_aa7f9.dir/build.make CMakeFiles/cmTC_aa7f9.dir/build
gmake[1]: Entering directory `/home/mersdk/share/stellarium-mobile-1.24/CMakeFiles/CMakeTmp'
gmake[1]: Warning: File `CMakeFiles/cmTC_aa7f9.dir/flags.make' has modification time 1.4 s in the future
Building C object CMakeFiles/cmTC_aa7f9.dir/testCCompiler.c.o
/usr/bin/cc     -o CMakeFiles/cmTC_aa7f9.dir/testCCompiler.c.o   -c /home/mersdk/share/stellarium-mobile-1.24/CMakeFiles/CMakeTmp/testCCompiler.c
Linking C executable cmTC_aa7f9
/usr/bin/cmake -E cmake_link_script CMakeFiles/cmTC_aa7f9.dir/link.txt --verbose=1
/usr/bin/cc       CMakeFiles/cmTC_aa7f9.dir/testCCompiler.c.o  -o cmTC_aa7f9 -rdynamic 
gmake[1]: warning:  Clock skew detected.  Your build may be incomplete.
gmake[1]: Leaving directory `/home/mersdk/share/stellarium-mobile-1.24/CMakeFiles/CMakeTmp'
gmake: warning:  Clock skew detected.  Your build may be incomplete.


Detecting C compiler ABI info compiled with the following output:
Change Dir: /home/mersdk/share/stellarium-mobile-1.24/CMakeFiles/CMakeTmp

Run Build Command:"/usr/bin/gmake" "cmTC_3a6ac/fast"
gmake: Warning: File `Makefile' has modification time 1.5 s in the future
/usr/bin/gmake -f CMakeFiles/cmTC_3a6ac.dir/build.make CMakeFiles/cmTC_3a6ac.dir/build
gmake[1]: Entering directory `/home/mersdk/share/stellarium-mobile-1.24/CMakeFiles/CMakeTmp'
gmake[1]: Warning: File `CMakeFiles/cmTC_3a6ac.dir/flags.make' has modification time 1.4 s in the future
Building C object CMakeFiles/cmTC_3a6ac.dir/CMakeCCompilerABI.c.o
/usr/bin/cc     -o CMakeFiles/cmTC_3a6ac.dir/CMakeCCompilerABI.c.o   -c /usr/share/cmake/Modules/CMakeCCompilerABI.c
Linking C executable cmTC_3a6ac
/usr/bin/cmake -E cmake_link_script CMakeFiles/cmTC_3a6ac.dir/link.txt --verbose=1
/usr/bin/cc      -v CMakeFiles/cmTC_3a6ac.dir/CMakeCCompilerABI.c.o  -o cmTC_3a6ac -rdynamic  
Using built-in specs.
COLLECT_GCC=/opt/cross/bin/armv7hl-meego-linux-gnueabi-cc
COLLECT_LTO_WRAPPER=/opt/cross/libexec/gcc/armv7hl-meego-linux-gnueabi/4.8.3/lto-wrapper
Target: armv7hl-meego-linux-gnueabi
Configured with: ../configure --prefix=/opt/cross --mandir=/opt/cross/share/man --infodir=/opt/cross/share/info --disable-bootstrap --with-bugurl=http://bugs.merproject.org/ --build=i486-meego-linux --with-isl=/home/abuild/rpmbuild/BUILD/gcc-linaro-4.8-2014.04/obj-i486-meego-linux/isl-install --with-cloog=/home/abuild/rpmbuild/BUILD/gcc-linaro-4.8-2014.04/obj-i486-meego-linux/cloog-install --host=i486-meego-linux --target=armv7hl-meego-linux-gnueabi --with-sysroot=/opt/cross/armv7hl-meego-linux-gnueabi/sys-root --disable-multilib --disable-multilib --enable-checking=release --disable-fixed-point --with-system-zlib --enable-__cxa_atexit --disable-libunwind-exceptions --enable-gnu-unique-object --enable-lto --enable-linker-build-id --enable-languages=c,c++,objc,obj-c++ --enable-threads=posix --enable-shared --disable-libgcj --with-float=hard --with-fpu=neon --with-arch=armv7-a --with-mode=thumb --build=i486-meego-linux
Thread model: posix
gcc version 4.8.3 20140401 (Mer 4.8.3-1) (Linaro GCC 4.8-2014.04) 
COMPILER_PATH=/opt/cross/libexec/gcc/armv7hl-meego-linux-gnueabi/4.8.3/:/opt/cross/libexec/gcc/armv7hl-meego-linux-gnueabi/4.8.3/:/opt/cross/libexec/gcc/armv7hl-meego-linux-gnueabi/:/opt/cross/lib/gcc/armv7hl-meego-linux-gnueabi/4.8.3/:/opt/cross/lib/gcc/armv7hl-meego-linux-gnueabi/
LIBRARY_PATH=/opt/cross/lib/gcc/armv7hl-meego-linux-gnueabi/4.8.3/:/opt/cross/lib/gcc/armv7hl-meego-linux-gnueabi/4.8.3/../../../../armv7hl-meego-linux-gnueabi/lib/:/lib/:/usr/lib/
COLLECT_GCC_OPTIONS='-v' '-o' 'cmTC_3a6ac' '-rdynamic' '-L/srv/mer/targets/SailfishOS-armv7hl/usr/lib' '-L/srv/mer/targets/SailfishOS-armv7hl/lib' '-I' '/usr/include' '-march=armv7-a' '-mfloat-abi=hard' '-mfpu=neon' '-mthumb' '-mtls-dialect=gnu'
 /opt/cross/libexec/gcc/armv7hl-meego-linux-gnueabi/4.8.3/collect2 --sysroot=/ --build-id --eh-frame-hdr -export-dynamic -dynamic-linker /lib/ld-linux-armhf.so.3 -X --hash-style=gnu -m armelf_linux_eabi -o cmTC_3a6ac /usr/lib/crt1.o /usr/lib/crti.o /opt/cross/lib/gcc/armv7hl-meego-linux-gnueabi/4.8.3/crtbegin.o -L/srv/mer/targets/SailfishOS-armv7hl/usr/lib -L/srv/mer/targets/SailfishOS-armv7hl/lib -L/opt/cross/lib/gcc/armv7hl-meego-linux-gnueabi/4.8.3 -L/opt/cross/lib/gcc/armv7hl-meego-linux-gnueabi/4.8.3/../../../../armv7hl-meego-linux-gnueabi/lib CMakeFiles/cmTC_3a6ac.dir/CMakeCCompilerABI.c.o -lgcc --as-needed -lgcc_s --no-as-needed -lc -lgcc --as-needed -lgcc_s --no-as-needed /opt/cross/lib/gcc/armv7hl-meego-linux-gnueabi/4.8.3/crtend.o /usr/lib/crtn.o
gmake[1]: warning:  Clock skew detected.  Your build may be incomplete.
gmake[1]: Leaving directory `/home/mersdk/share/stellarium-mobile-1.24/CMakeFiles/CMakeTmp'
gmake: warning:  Clock skew detected.  Your build may be incomplete.


Parsed C implicit link information from above output:
  link line regex: [^( *|.*[/\])(ld|([^/\]+-)?ld|collect2)[^/\]*( |$)]
  ignore line: [Change Dir: /home/mersdk/share/stellarium-mobile-1.24/CMakeFiles/CMakeTmp]
  ignore line: []
  ignore line: [Run Build Command:"/usr/bin/gmake" "cmTC_3a6ac/fast"]
  ignore line: [gmake: Warning: File `Makefile' has modification time 1.5 s in the future]
  ignore line: [/usr/bin/gmake -f CMakeFiles/cmTC_3a6ac.dir/build.make CMakeFiles/cmTC_3a6ac.dir/build]
  ignore line: [gmake[1]: Entering directory `/home/mersdk/share/stellarium-mobile-1.24/CMakeFiles/CMakeTmp']
  ignore line: [gmake[1]: Warning: File `CMakeFiles/cmTC_3a6ac.dir/flags.make' has modification time 1.4 s in the future]
  ignore line: [Building C object CMakeFiles/cmTC_3a6ac.dir/CMakeCCompilerABI.c.o]
  ignore line: [/usr/bin/cc     -o CMakeFiles/cmTC_3a6ac.dir/CMakeCCompilerABI.c.o   -c /usr/share/cmake/Modules/CMakeCCompilerABI.c]
  ignore line: [Linking C executable cmTC_3a6ac]
  ignore line: [/usr/bin/cmake -E cmake_link_script CMakeFiles/cmTC_3a6ac.dir/link.txt --verbose=1]
  ignore line: [/usr/bin/cc      -v CMakeFiles/cmTC_3a6ac.dir/CMakeCCompilerABI.c.o  -o cmTC_3a6ac -rdynamic  ]
  ignore line: [Using built-in specs.]
  ignore line: [COLLECT_GCC=/opt/cross/bin/armv7hl-meego-linux-gnueabi-cc]
  ignore line: [COLLECT_LTO_WRAPPER=/opt/cross/libexec/gcc/armv7hl-meego-linux-gnueabi/4.8.3/lto-wrapper]
  ignore line: [Target: armv7hl-meego-linux-gnueabi]
  ignore line: [Configured with: ../configure --prefix=/opt/cross --mandir=/opt/cross/share/man --infodir=/opt/cross/share/info --disable-bootstrap --with-bugurl=http://bugs.merproject.org/ --build=i486-meego-linux --with-isl=/home/abuild/rpmbuild/BUILD/gcc-linaro-4.8-2014.04/obj-i486-meego-linux/isl-install --with-cloog=/home/abuild/rpmbuild/BUILD/gcc-linaro-4.8-2014.04/obj-i486-meego-linux/cloog-install --host=i486-meego-linux --target=armv7hl-meego-linux-gnueabi --with-sysroot=/opt/cross/armv7hl-meego-linux-gnueabi/sys-root --disable-multilib --disable-multilib --enable-checking=release --disable-fixed-point --with-system-zlib --enable-__cxa_atexit --disable-libunwind-exceptions --enable-gnu-unique-object --enable-lto --enable-linker-build-id --enable-languages=c,c++,objc,obj-c++ --enable-threads=posix --enable-shared --disable-libgcj --with-float=hard --with-fpu=neon --with-arch=armv7-a --with-mode=thumb --build=i486-meego-linux]
  ignore line: [Thread model: posix]
  ignore line: [gcc version 4.8.3 20140401 (Mer 4.8.3-1) (Linaro GCC 4.8-2014.04) ]
  ignore line: [COMPILER_PATH=/opt/cross/libexec/gcc/armv7hl-meego-linux-gnueabi/4.8.3/:/opt/cross/libexec/gcc/armv7hl-meego-linux-gnueabi/4.8.3/:/opt/cross/libexec/gcc/armv7hl-meego-linux-gnueabi/:/opt/cross/lib/gcc/armv7hl-meego-linux-gnueabi/4.8.3/:/opt/cross/lib/gcc/armv7hl-meego-linux-gnueabi/]
  ignore line: [LIBRARY_PATH=/opt/cross/lib/gcc/armv7hl-meego-linux-gnueabi/4.8.3/:/opt/cross/lib/gcc/armv7hl-meego-linux-gnueabi/4.8.3/../../../../armv7hl-meego-linux-gnueabi/lib/:/lib/:/usr/lib/]
  ignore line: [COLLECT_GCC_OPTIONS='-v' '-o' 'cmTC_3a6ac' '-rdynamic' '-L/srv/mer/targets/SailfishOS-armv7hl/usr/lib' '-L/srv/mer/targets/SailfishOS-armv7hl/lib' '-I' '/usr/include' '-march=armv7-a' '-mfloat-abi=hard' '-mfpu=neon' '-mthumb' '-mtls-dialect=gnu']
  link line: [ /opt/cross/libexec/gcc/armv7hl-meego-linux-gnueabi/4.8.3/collect2 --sysroot=/ --build-id --eh-frame-hdr -export-dynamic -dynamic-linker /lib/ld-linux-armhf.so.3 -X --hash-style=gnu -m armelf_linux_eabi -o cmTC_3a6ac /usr/lib/crt1.o /usr/lib/crti.o /opt/cross/lib/gcc/armv7hl-meego-linux-gnueabi/4.8.3/crtbegin.o -L/srv/mer/targets/SailfishOS-armv7hl/usr/lib -L/srv/mer/targets/SailfishOS-armv7hl/lib -L/opt/cross/lib/gcc/armv7hl-meego-linux-gnueabi/4.8.3 -L/opt/cross/lib/gcc/armv7hl-meego-linux-gnueabi/4.8.3/../../../../armv7hl-meego-linux-gnueabi/lib CMakeFiles/cmTC_3a6ac.dir/CMakeCCompilerABI.c.o -lgcc --as-needed -lgcc_s --no-as-needed -lc -lgcc --as-needed -lgcc_s --no-as-needed /opt/cross/lib/gcc/armv7hl-meego-linux-gnueabi/4.8.3/crtend.o /usr/lib/crtn.o]
    arg [/opt/cross/libexec/gcc/armv7hl-meego-linux-gnueabi/4.8.3/collect2] ==> ignore
    arg [--sysroot=/] ==> ignore
    arg [--build-id] ==> ignore
    arg [--eh-frame-hdr] ==> ignore
    arg [-export-dynamic] ==> ignore
    arg [-dynamic-linker] ==> ignore
    arg [/lib/ld-linux-armhf.so.3] ==> ignore
    arg [-X] ==> ignore
    arg [--hash-style=gnu] ==> ignore
    arg [-m] ==> ignore
    arg [armelf_linux_eabi] ==> ignore
    arg [-o] ==> ignore
    arg [cmTC_3a6ac] ==> ignore
    arg [/usr/lib/crt1.o] ==> ignore
    arg [/usr/lib/crti.o] ==> ignore
    arg [/opt/cross/lib/gcc/armv7hl-meego-linux-gnueabi/4.8.3/crtbegin.o] ==> ignore
    arg [-L/srv/mer/targets/SailfishOS-armv7hl/usr/lib] ==> dir [/srv/mer/targets/SailfishOS-armv7hl/usr/lib]
    arg [-L/srv/mer/targets/SailfishOS-armv7hl/lib] ==> dir [/srv/mer/targets/SailfishOS-armv7hl/lib]
    arg [-L/opt/cross/lib/gcc/armv7hl-meego-linux-gnueabi/4.8.3] ==> dir [/opt/cross/lib/gcc/armv7hl-meego-linux-gnueabi/4.8.3]
    arg [-L/opt/cross/lib/gcc/armv7hl-meego-linux-gnueabi/4.8.3/../../../../armv7hl-meego-linux-gnueabi/lib] ==> dir [/opt/cross/lib/gcc/armv7hl-meego-linux-gnueabi/4.8.3/../../../../armv7hl-meego-linux-gnueabi/lib]
    arg [CMakeFiles/cmTC_3a6ac.dir/CMakeCCompilerABI.c.o] ==> ignore
    arg [-lgcc] ==> lib [gcc]
    arg [--as-needed] ==> ignore
    arg [-lgcc_s] ==> lib [gcc_s]
    arg [--no-as-needed] ==> ignore
    arg [-lc] ==> lib [c]
    arg [-lgcc] ==> lib [gcc]
    arg [--as-needed] ==> ignore
    arg [-lgcc_s] ==> lib [gcc_s]
    arg [--no-as-needed] ==> ignore
    arg [/opt/cross/lib/gcc/armv7hl-meego-linux-gnueabi/4.8.3/crtend.o] ==> ignore
    arg [/usr/lib/crtn.o] ==> ignore
  remove lib [gcc]
  remove lib [gcc_s]
  remove lib [gcc]
  remove lib [gcc_s]
  collapse library dir [/srv/mer/targets/SailfishOS-armv7hl/usr/lib] ==> [/srv/mer/targets/SailfishOS-armv7hl/usr/lib]
  collapse library dir [/srv/mer/targets/SailfishOS-armv7hl/lib] ==> [/srv/mer/targets/SailfishOS-armv7hl/lib]
  collapse library dir [/opt/cross/lib/gcc/armv7hl-meego-linux-gnueabi/4.8.3] ==> [/opt/cross/lib/gcc/armv7hl-meego-linux-gnueabi/4.8.3]
  collapse library dir [/opt/cross/lib/gcc/armv7hl-meego-linux-gnueabi/4.8.3/../../../../armv7hl-meego-linux-gnueabi/lib] ==> [/opt/cross/armv7hl-meego-linux-gnueabi/lib]
  implicit libs: [c]
  implicit dirs: [/srv/mer/targets/SailfishOS-armv7hl/usr/lib;/srv/mer/targets/SailfishOS-armv7hl/lib;/opt/cross/lib/gcc/armv7hl-meego-linux-gnueabi/4.8.3;/opt/cross/armv7hl-meego-linux-gnueabi/lib]
  implicit fwks: []




Detecting C [-std=c11] compiler features compiled with the following output:
Change Dir: /home/mersdk/share/stellarium-mobile-1.24/CMakeFiles/CMakeTmp

Run Build Command:"/usr/bin/gmake" "cmTC_40570/fast"
gmake: Warning: File `Makefile' has modification time 1.4 s in the future
/usr/bin/gmake -f CMakeFiles/cmTC_40570.dir/build.make CMakeFiles/cmTC_40570.dir/build
gmake[1]: Entering directory `/home/mersdk/share/stellarium-mobile-1.24/CMakeFiles/CMakeTmp'
gmake[1]: Warning: File `CMakeFiles/cmTC_40570.dir/flags.make' has modification time 1.4 s in the future
Building C object CMakeFiles/cmTC_40570.dir/feature_tests.c.o
/usr/bin/cc    -std=c11 -o CMakeFiles/cmTC_40570.dir/feature_tests.c.o   -c /home/mersdk/share/stellarium-mobile-1.24/CMakeFiles/feature_tests.c
Linking C executable cmTC_40570
/usr/bin/cmake -E cmake_link_script CMakeFiles/cmTC_40570.dir/link.txt --verbose=1
/usr/bin/cc       CMakeFiles/cmTC_40570.dir/feature_tests.c.o  -o cmTC_40570 -rdynamic 
gmake[1]: warning:  Clock skew detected.  Your build may be incomplete.
gmake[1]: Leaving directory `/home/mersdk/share/stellarium-mobile-1.24/CMakeFiles/CMakeTmp'
gmake: warning:  Clock skew detected.  Your build may be incomplete.


    Feature record: C_FEATURE:1c_function_prototypes
    Feature record: C_FEATURE:1c_restrict
    Feature record: C_FEATURE:1c_static_assert
    Feature record: C_FEATURE:1c_variadic_macros


Detecting C [-std=c99] compiler features compiled with the following output:
Change Dir: /home/mersdk/share/stellarium-mobile-1.24/CMakeFiles/CMakeTmp

Run Build Command:"/usr/bin/gmake" "cmTC_67ab0/fast"
gmake: Warning: File `Makefile' has modification time 1.4 s in the future
/usr/bin/gmake -f CMakeFiles/cmTC_67ab0.dir/build.make CMakeFiles/cmTC_67ab0.dir/build
gmake[1]: Entering directory `/home/mersdk/share/stellarium-mobile-1.24/CMakeFiles/CMakeTmp'
gmake[1]: Warning: File `CMakeFiles/cmTC_67ab0.dir/flags.make' has modification time 1.4 s in the future
Building C object CMakeFiles/cmTC_67ab0.dir/feature_tests.c.o
/usr/bin/cc    -std=c99 -o CMakeFiles/cmTC_67ab0.dir/feature_tests.c.o   -c /home/mersdk/share/stellarium-mobile-1.24/CMakeFiles/feature_tests.c
Linking C executable cmTC_67ab0
/usr/bin/cmake -E cmake_link_script CMakeFiles/cmTC_67ab0.dir/link.txt --verbose=1
/usr/bin/cc       CMakeFiles/cmTC_67ab0.dir/feature_tests.c.o  -o cmTC_67ab0 -rdynamic 
gmake[1]: warning:  Clock skew detected.  Your build may be incomplete.
gmake[1]: Leaving directory `/home/mersdk/share/stellarium-mobile-1.24/CMakeFiles/CMakeTmp'
gmake: warning:  Clock skew detected.  Your build may be incomplete.


    Feature record: C_FEATURE:1c_function_prototypes
    Feature record: C_FEATURE:1c_restrict
    Feature record: C_FEATURE:0c_static_assert
    Feature record: C_FEATURE:1c_variadic_macros


Detecting C [-std=c90] compiler features compiled with the following output:
Change Dir: /home/mersdk/share/stellarium-mobile-1.24/CMakeFiles/CMakeTmp

Run Build Command:"/usr/bin/gmake" "cmTC_7660a/fast"
gmake: Warning: File `Makefile' has modification time 1.4 s in the future
/usr/bin/gmake -f CMakeFiles/cmTC_7660a.dir/build.make CMakeFiles/cmTC_7660a.dir/build
gmake[1]: Entering directory `/home/mersdk/share/stellarium-mobile-1.24/CMakeFiles/CMakeTmp'
gmake[1]: Warning: File `CMakeFiles/cmTC_7660a.dir/flags.make' has modification time 1.4 s in the future
Building C object CMakeFiles/cmTC_7660a.dir/feature_tests.c.o
/usr/bin/cc    -std=c90 -o CMakeFiles/cmTC_7660a.dir/feature_tests.c.o   -c /home/mersdk/share/stellarium-mobile-1.24/CMakeFiles/feature_tests.c
Linking C executable cmTC_7660a
/usr/bin/cmake -E cmake_link_script CMakeFiles/cmTC_7660a.dir/link.txt --verbose=1
/usr/bin/cc       CMakeFiles/cmTC_7660a.dir/feature_tests.c.o  -o cmTC_7660a -rdynamic 
gmake[1]: warning:  Clock skew detected.  Your build may be incomplete.
gmake[1]: Leaving directory `/home/mersdk/share/stellarium-mobile-1.24/CMakeFiles/CMakeTmp'
gmake: warning:  Clock skew detected.  Your build may be incomplete.


    Feature record: C_FEATURE:1c_function_prototypes
    Feature record: C_FEATURE:0c_restrict
    Feature record: C_FEATURE:0c_static_assert
    Feature record: C_FEATURE:0c_variadic_macros
Determining if the CXX compiler works passed with the following output:
Change Dir: /home/mersdk/share/stellarium-mobile-1.24/CMakeFiles/CMakeTmp

Run Build Command:"/usr/bin/gmake" "cmTC_57d35/fast"
gmake: Warning: File `Makefile' has modification time 1.4 s in the future
/usr/bin/gmake -f CMakeFiles/cmTC_57d35.dir/build.make CMakeFiles/cmTC_57d35.dir/build
gmake[1]: Entering directory `/home/mersdk/share/stellarium-mobile-1.24/CMakeFiles/CMakeTmp'
gmake[1]: Warning: File `CMakeFiles/cmTC_57d35.dir/flags.make' has modification time 1.4 s in the future
Building CXX object CMakeFiles/cmTC_57d35.dir/testCXXCompiler.cxx.o
/usr/bin/c++      -o CMakeFiles/cmTC_57d35.dir/testCXXCompiler.cxx.o -c /home/mersdk/share/stellarium-mobile-1.24/CMakeFiles/CMakeTmp/testCXXCompiler.cxx
Linking CXX executable cmTC_57d35
/usr/bin/cmake -E cmake_link_script CMakeFiles/cmTC_57d35.dir/link.txt --verbose=1
/usr/bin/c++        CMakeFiles/cmTC_57d35.dir/testCXXCompiler.cxx.o  -o cmTC_57d35 -rdynamic 
gmake[1]: warning:  Clock skew detected.  Your build may be incomplete.
gmake[1]: Leaving directory `/home/mersdk/share/stellarium-mobile-1.24/CMakeFiles/CMakeTmp'
gmake: warning:  Clock skew detected.  Your build may be incomplete.


Detecting CXX compiler ABI info compiled with the following output:
Change Dir: /home/mersdk/share/stellarium-mobile-1.24/CMakeFiles/CMakeTmp

Run Build Command:"/usr/bin/gmake" "cmTC_a7517/fast"
gmake: Warning: File `Makefile' has modification time 1.4 s in the future
/usr/bin/gmake -f CMakeFiles/cmTC_a7517.dir/build.make CMakeFiles/cmTC_a7517.dir/build
gmake[1]: Entering directory `/home/mersdk/share/stellarium-mobile-1.24/CMakeFiles/CMakeTmp'
gmake[1]: Warning: File `CMakeFiles/cmTC_a7517.dir/flags.make' has modification time 1.4 s in the future
Building CXX object CMakeFiles/cmTC_a7517.dir/CMakeCXXCompilerABI.cpp.o
/usr/bin/c++      -o CMakeFiles/cmTC_a7517.dir/CMakeCXXCompilerABI.cpp.o -c /usr/share/cmake/Modules/CMakeCXXCompilerABI.cpp
Linking CXX executable cmTC_a7517
/usr/bin/cmake -E cmake_link_script CMakeFiles/cmTC_a7517.dir/link.txt --verbose=1
/usr/bin/c++       -v CMakeFiles/cmTC_a7517.dir/CMakeCXXCompilerABI.cpp.o  -o cmTC_a7517 -rdynamic  
Using built-in specs.
COLLECT_GCC=/opt/cross/bin/armv7hl-meego-linux-gnueabi-c++
COLLECT_LTO_WRAPPER=/opt/cross/libexec/gcc/armv7hl-meego-linux-gnueabi/4.8.3/lto-wrapper
Target: armv7hl-meego-linux-gnueabi
Configured with: ../configure --prefix=/opt/cross --mandir=/opt/cross/share/man --infodir=/opt/cross/share/info --disable-bootstrap --with-bugurl=http://bugs.merproject.org/ --build=i486-meego-linux --with-isl=/home/abuild/rpmbuild/BUILD/gcc-linaro-4.8-2014.04/obj-i486-meego-linux/isl-install --with-cloog=/home/abuild/rpmbuild/BUILD/gcc-linaro-4.8-2014.04/obj-i486-meego-linux/cloog-install --host=i486-meego-linux --target=armv7hl-meego-linux-gnueabi --with-sysroot=/opt/cross/armv7hl-meego-linux-gnueabi/sys-root --disable-multilib --disable-multilib --enable-checking=release --disable-fixed-point --with-system-zlib --enable-__cxa_atexit --disable-libunwind-exceptions --enable-gnu-unique-object --enable-lto --enable-linker-build-id --enable-languages=c,c++,objc,obj-c++ --enable-threads=posix --enable-shared --disable-libgcj --with-float=hard --with-fpu=neon --with-arch=armv7-a --with-mode=thumb --build=i486-meego-linux
Thread model: posix
gcc version 4.8.3 20140401 (Mer 4.8.3-1) (Linaro GCC 4.8-2014.04) 
COMPILER_PATH=/opt/cross/libexec/gcc/armv7hl-meego-linux-gnueabi/4.8.3/:/opt/cross/libexec/gcc/armv7hl-meego-linux-gnueabi/4.8.3/:/opt/cross/libexec/gcc/armv7hl-meego-linux-gnueabi/:/opt/cross/lib/gcc/armv7hl-meego-linux-gnueabi/4.8.3/:/opt/cross/lib/gcc/armv7hl-meego-linux-gnueabi/
LIBRARY_PATH=/opt/cross/lib/gcc/armv7hl-meego-linux-gnueabi/4.8.3/:/opt/cross/lib/gcc/armv7hl-meego-linux-gnueabi/4.8.3/../../../../armv7hl-meego-linux-gnueabi/lib/:/lib/:/usr/lib/
COLLECT_GCC_OPTIONS='-v' '-o' 'cmTC_a7517' '-rdynamic' '-L/srv/mer/targets/SailfishOS-armv7hl/usr/lib' '-L/srv/mer/targets/SailfishOS-armv7hl/lib' '-I' '/usr/include' '-shared-libgcc' '-march=armv7-a' '-mfloat-abi=hard' '-mfpu=neon' '-mthumb' '-mtls-dialect=gnu'
 /opt/cross/libexec/gcc/armv7hl-meego-linux-gnueabi/4.8.3/collect2 --sysroot=/ --build-id --eh-frame-hdr -export-dynamic -dynamic-linker /lib/ld-linux-armhf.so.3 -X --hash-style=gnu -m armelf_linux_eabi -o cmTC_a7517 /usr/lib/crt1.o /usr/lib/crti.o /opt/cross/lib/gcc/armv7hl-meego-linux-gnueabi/4.8.3/crtbegin.o -L/srv/mer/targets/SailfishOS-armv7hl/usr/lib -L/srv/mer/targets/SailfishOS-armv7hl/lib -L/opt/cross/lib/gcc/armv7hl-meego-linux-gnueabi/4.8.3 -L/opt/cross/lib/gcc/armv7hl-meego-linux-gnueabi/4.8.3/../../../../armv7hl-meego-linux-gnueabi/lib CMakeFiles/cmTC_a7517.dir/CMakeCXXCompilerABI.cpp.o -lstdc++ -lm -lgcc_s -lgcc -lc -lgcc_s -lgcc /opt/cross/lib/gcc/armv7hl-meego-linux-gnueabi/4.8.3/crtend.o /usr/lib/crtn.o
gmake[1]: warning:  Clock skew detected.  Your build may be incomplete.
gmake[1]: Leaving directory `/home/mersdk/share/stellarium-mobile-1.24/CMakeFiles/CMakeTmp'
gmake: warning:  Clock skew detected.  Your build may be incomplete.


Parsed CXX implicit link information from above output:
  link line regex: [^( *|.*[/\])(ld|([^/\]+-)?ld|collect2)[^/\]*( |$)]
  ignore line: [Change Dir: /home/mersdk/share/stellarium-mobile-1.24/CMakeFiles/CMakeTmp]
  ignore line: []
  ignore line: [Run Build Command:"/usr/bin/gmake" "cmTC_a7517/fast"]
  ignore line: [gmake: Warning: File `Makefile' has modification time 1.4 s in the future]
  ignore line: [/usr/bin/gmake -f CMakeFiles/cmTC_a7517.dir/build.make CMakeFiles/cmTC_a7517.dir/build]
  ignore line: [gmake[1]: Entering directory `/home/mersdk/share/stellarium-mobile-1.24/CMakeFiles/CMakeTmp']
  ignore line: [gmake[1]: Warning: File `CMakeFiles/cmTC_a7517.dir/flags.make' has modification time 1.4 s in the future]
  ignore line: [Building CXX object CMakeFiles/cmTC_a7517.dir/CMakeCXXCompilerABI.cpp.o]
  ignore line: [/usr/bin/c++      -o CMakeFiles/cmTC_a7517.dir/CMakeCXXCompilerABI.cpp.o -c /usr/share/cmake/Modules/CMakeCXXCompilerABI.cpp]
  ignore line: [Linking CXX executable cmTC_a7517]
  ignore line: [/usr/bin/cmake -E cmake_link_script CMakeFiles/cmTC_a7517.dir/link.txt --verbose=1]
  ignore line: [/usr/bin/c++       -v CMakeFiles/cmTC_a7517.dir/CMakeCXXCompilerABI.cpp.o  -o cmTC_a7517 -rdynamic  ]
  ignore line: [Using built-in specs.]
  ignore line: [COLLECT_GCC=/opt/cross/bin/armv7hl-meego-linux-gnueabi-c++]
  ignore line: [COLLECT_LTO_WRAPPER=/opt/cross/libexec/gcc/armv7hl-meego-linux-gnueabi/4.8.3/lto-wrapper]
  ignore line: [Target: armv7hl-meego-linux-gnueabi]
  ignore line: [Configured with: ../configure --prefix=/opt/cross --mandir=/opt/cross/share/man --infodir=/opt/cross/share/info --disable-bootstrap --with-bugurl=http://bugs.merproject.org/ --build=i486-meego-linux --with-isl=/home/abuild/rpmbuild/BUILD/gcc-linaro-4.8-2014.04/obj-i486-meego-linux/isl-install --with-cloog=/home/abuild/rpmbuild/BUILD/gcc-linaro-4.8-2014.04/obj-i486-meego-linux/cloog-install --host=i486-meego-linux --target=armv7hl-meego-linux-gnueabi --with-sysroot=/opt/cross/armv7hl-meego-linux-gnueabi/sys-root --disable-multilib --disable-multilib --enable-checking=release --disable-fixed-point --with-system-zlib --enable-__cxa_atexit --disable-libunwind-exceptions --enable-gnu-unique-object --enable-lto --enable-linker-build-id --enable-languages=c,c++,objc,obj-c++ --enable-threads=posix --enable-shared --disable-libgcj --with-float=hard --with-fpu=neon --with-arch=armv7-a --with-mode=thumb --build=i486-meego-linux]
  ignore line: [Thread model: posix]
  ignore line: [gcc version 4.8.3 20140401 (Mer 4.8.3-1) (Linaro GCC 4.8-2014.04) ]
  ignore line: [COMPILER_PATH=/opt/cross/libexec/gcc/armv7hl-meego-linux-gnueabi/4.8.3/:/opt/cross/libexec/gcc/armv7hl-meego-linux-gnueabi/4.8.3/:/opt/cross/libexec/gcc/armv7hl-meego-linux-gnueabi/:/opt/cross/lib/gcc/armv7hl-meego-linux-gnueabi/4.8.3/:/opt/cross/lib/gcc/armv7hl-meego-linux-gnueabi/]
  ignore line: [LIBRARY_PATH=/opt/cross/lib/gcc/armv7hl-meego-linux-gnueabi/4.8.3/:/opt/cross/lib/gcc/armv7hl-meego-linux-gnueabi/4.8.3/../../../../armv7hl-meego-linux-gnueabi/lib/:/lib/:/usr/lib/]
  ignore line: [COLLECT_GCC_OPTIONS='-v' '-o' 'cmTC_a7517' '-rdynamic' '-L/srv/mer/targets/SailfishOS-armv7hl/usr/lib' '-L/srv/mer/targets/SailfishOS-armv7hl/lib' '-I' '/usr/include' '-shared-libgcc' '-march=armv7-a' '-mfloat-abi=hard' '-mfpu=neon' '-mthumb' '-mtls-dialect=gnu']
  link line: [ /opt/cross/libexec/gcc/armv7hl-meego-linux-gnueabi/4.8.3/collect2 --sysroot=/ --build-id --eh-frame-hdr -export-dynamic -dynamic-linker /lib/ld-linux-armhf.so.3 -X --hash-style=gnu -m armelf_linux_eabi -o cmTC_a7517 /usr/lib/crt1.o /usr/lib/crti.o /opt/cross/lib/gcc/armv7hl-meego-linux-gnueabi/4.8.3/crtbegin.o -L/srv/mer/targets/SailfishOS-armv7hl/usr/lib -L/srv/mer/targets/SailfishOS-armv7hl/lib -L/opt/cross/lib/gcc/armv7hl-meego-linux-gnueabi/4.8.3 -L/opt/cross/lib/gcc/armv7hl-meego-linux-gnueabi/4.8.3/../../../../armv7hl-meego-linux-gnueabi/lib CMakeFiles/cmTC_a7517.dir/CMakeCXXCompilerABI.cpp.o -lstdc++ -lm -lgcc_s -lgcc -lc -lgcc_s -lgcc /opt/cross/lib/gcc/armv7hl-meego-linux-gnueabi/4.8.3/crtend.o /usr/lib/crtn.o]
    arg [/opt/cross/libexec/gcc/armv7hl-meego-linux-gnueabi/4.8.3/collect2] ==> ignore
    arg [--sysroot=/] ==> ignore
    arg [--build-id] ==> ignore
    arg [--eh-frame-hdr] ==> ignore
    arg [-export-dynamic] ==> ignore
    arg [-dynamic-linker] ==> ignore
    arg [/lib/ld-linux-armhf.so.3] ==> ignore
    arg [-X] ==> ignore
    arg [--hash-style=gnu] ==> ignore
    arg [-m] ==> ignore
    arg [armelf_linux_eabi] ==> ignore
    arg [-o] ==> ignore
    arg [cmTC_a7517] ==> ignore
    arg [/usr/lib/crt1.o] ==> ignore
    arg [/usr/lib/crti.o] ==> ignore
    arg [/opt/cross/lib/gcc/armv7hl-meego-linux-gnueabi/4.8.3/crtbegin.o] ==> ignore
    arg [-L/srv/mer/targets/SailfishOS-armv7hl/usr/lib] ==> dir [/srv/mer/targets/SailfishOS-armv7hl/usr/lib]
    arg [-L/srv/mer/targets/SailfishOS-armv7hl/lib] ==> dir [/srv/mer/targets/SailfishOS-armv7hl/lib]
    arg [-L/opt/cross/lib/gcc/armv7hl-meego-linux-gnueabi/4.8.3] ==> dir [/opt/cross/lib/gcc/armv7hl-meego-linux-gnueabi/4.8.3]
    arg [-L/opt/cross/lib/gcc/armv7hl-meego-linux-gnueabi/4.8.3/../../../../armv7hl-meego-linux-gnueabi/lib] ==> dir [/opt/cross/lib/gcc/armv7hl-meego-linux-gnueabi/4.8.3/../../../../armv7hl-meego-linux-gnueabi/lib]
    arg [CMakeFiles/cmTC_a7517.dir/CMakeCXXCompilerABI.cpp.o] ==> ignore
    arg [-lstdc++] ==> lib [stdc++]
    arg [-lm] ==> lib [m]
    arg [-lgcc_s] ==> lib [gcc_s]
    arg [-lgcc] ==> lib [gcc]
    arg [-lc] ==> lib [c]
    arg [-lgcc_s] ==> lib [gcc_s]
    arg [-lgcc] ==> lib [gcc]
    arg [/opt/cross/lib/gcc/armv7hl-meego-linux-gnueabi/4.8.3/crtend.o] ==> ignore
    arg [/usr/lib/crtn.o] ==> ignore
  remove lib [gcc_s]
  remove lib [gcc]
  remove lib [gcc_s]
  remove lib [gcc]
  collapse library dir [/srv/mer/targets/SailfishOS-armv7hl/usr/lib] ==> [/srv/mer/targets/SailfishOS-armv7hl/usr/lib]
  collapse library dir [/srv/mer/targets/SailfishOS-armv7hl/lib] ==> [/srv/mer/targets/SailfishOS-armv7hl/lib]
  collapse library dir [/opt/cross/lib/gcc/armv7hl-meego-linux-gnueabi/4.8.3] ==> [/opt/cross/lib/gcc/armv7hl-meego-linux-gnueabi/4.8.3]
  collapse library dir [/opt/cross/lib/gcc/armv7hl-meego-linux-gnueabi/4.8.3/../../../../armv7hl-meego-linux-gnueabi/lib] ==> [/opt/cross/armv7hl-meego-linux-gnueabi/lib]
  implicit libs: [stdc++;m;c]
  implicit dirs: [/srv/mer/targets/SailfishOS-armv7hl/usr/lib;/srv/mer/targets/SailfishOS-armv7hl/lib;/opt/cross/lib/gcc/armv7hl-meego-linux-gnueabi/4.8.3;/opt/cross/armv7hl-meego-linux-gnueabi/lib]
  implicit fwks: []




Detecting CXX [-std=c++1y] compiler features compiled with the following output:
Change Dir: /home/mersdk/share/stellarium-mobile-1.24/CMakeFiles/CMakeTmp

Run Build Command:"/usr/bin/gmake" "cmTC_8ff42/fast"
gmake: Warning: File `Makefile' has modification time 1.4 s in the future
/usr/bin/gmake -f CMakeFiles/cmTC_8ff42.dir/build.make CMakeFiles/cmTC_8ff42.dir/build
gmake[1]: Entering directory `/home/mersdk/share/stellarium-mobile-1.24/CMakeFiles/CMakeTmp'
gmake[1]: Warning: File `CMakeFiles/cmTC_8ff42.dir/flags.make' has modification time 1.4 s in the future
Building CXX object CMakeFiles/cmTC_8ff42.dir/feature_tests.cxx.o
/usr/bin/c++     -std=c++1y -o CMakeFiles/cmTC_8ff42.dir/feature_tests.cxx.o -c /home/mersdk/share/stellarium-mobile-1.24/CMakeFiles/feature_tests.cxx
Linking CXX executable cmTC_8ff42
/usr/bin/cmake -E cmake_link_script CMakeFiles/cmTC_8ff42.dir/link.txt --verbose=1
/usr/bin/c++        CMakeFiles/cmTC_8ff42.dir/feature_tests.cxx.o  -o cmTC_8ff42 -rdynamic 
gmake[1]: warning:  Clock skew detected.  Your build may be incomplete.
gmake[1]: Leaving directory `/home/mersdk/share/stellarium-mobile-1.24/CMakeFiles/CMakeTmp'
gmake: warning:  Clock skew detected.  Your build may be incomplete.


    Feature record: CXX_FEATURE:0cxx_aggregate_default_initializers
    Feature record: CXX_FEATURE:1cxx_alias_templates
    Feature record: CXX_FEATURE:1cxx_alignas
    Feature record: CXX_FEATURE:1cxx_alignof
    Feature record: CXX_FEATURE:1cxx_attributes
    Feature record: CXX_FEATURE:0cxx_attribute_deprecated
    Feature record: CXX_FEATURE:1cxx_auto_type
    Feature record: CXX_FEATURE:0cxx_binary_literals
    Feature record: CXX_FEATURE:1cxx_constexpr
    Feature record: CXX_FEATURE:0cxx_contextual_conversions
    Feature record: CXX_FEATURE:1cxx_decltype
    Feature record: CXX_FEATURE:0cxx_decltype_auto
    Feature record: CXX_FEATURE:1cxx_decltype_incomplete_return_types
    Feature record: CXX_FEATURE:1cxx_default_function_template_args
    Feature record: CXX_FEATURE:1cxx_defaulted_functions
    Feature record: CXX_FEATURE:1cxx_defaulted_move_initializers
    Feature record: CXX_FEATURE:1cxx_delegating_constructors
    Feature record: CXX_FEATURE:1cxx_deleted_functions
    Feature record: CXX_FEATURE:0cxx_digit_separators
    Feature record: CXX_FEATURE:1cxx_enum_forward_declarations
    Feature record: CXX_FEATURE:1cxx_explicit_conversions
    Feature record: CXX_FEATURE:1cxx_extended_friend_declarations
    Feature record: CXX_FEATURE:1cxx_extern_templates
    Feature record: CXX_FEATURE:1cxx_final
    Feature record: CXX_FEATURE:1cxx_func_identifier
    Feature record: CXX_FEATURE:1cxx_generalized_initializers
    Feature record: CXX_FEATURE:0cxx_generic_lambdas
    Feature record: CXX_FEATURE:1cxx_inheriting_constructors
    Feature record: CXX_FEATURE:1cxx_inline_namespaces
    Feature record: CXX_FEATURE:1cxx_lambdas
    Feature record: CXX_FEATURE:0cxx_lambda_init_captures
    Feature record: CXX_FEATURE:1cxx_local_type_template_args
    Feature record: CXX_FEATURE:1cxx_long_long_type
    Feature record: CXX_FEATURE:1cxx_noexcept
    Feature record: CXX_FEATURE:1cxx_nonstatic_member_init
    Feature record: CXX_FEATURE:1cxx_nullptr
    Feature record: CXX_FEATURE:1cxx_override
    Feature record: CXX_FEATURE:1cxx_range_for
    Feature record: CXX_FEATURE:1cxx_raw_string_literals
    Feature record: CXX_FEATURE:1cxx_reference_qualified_functions
    Feature record: CXX_FEATURE:0cxx_relaxed_constexpr
    Feature record: CXX_FEATURE:0cxx_return_type_deduction
    Feature record: CXX_FEATURE:1cxx_right_angle_brackets
    Feature record: CXX_FEATURE:1cxx_rvalue_references
    Feature record: CXX_FEATURE:1cxx_sizeof_member
    Feature record: CXX_FEATURE:1cxx_static_assert
    Feature record: CXX_FEATURE:1cxx_strong_enums
    Feature record: CXX_FEATURE:1cxx_template_template_parameters
    Feature record: CXX_FEATURE:1cxx_thread_local
    Feature record: CXX_FEATURE:1cxx_trailing_return_types
    Feature record: CXX_FEATURE:1cxx_unicode_literals
    Feature record: CXX_FEATURE:1cxx_uniform_initialization
    Feature record: CXX_FEATURE:1cxx_unrestricted_unions
    Feature record: CXX_FEATURE:1cxx_user_literals
    Feature record: CXX_FEATURE:0cxx_variable_templates
    Feature record: CXX_FEATURE:1cxx_variadic_macros
    Feature record: CXX_FEATURE:1cxx_variadic_templates


Detecting CXX [-std=c++11] compiler features compiled with the following output:
Change Dir: /home/mersdk/share/stellarium-mobile-1.24/CMakeFiles/CMakeTmp

Run Build Command:"/usr/bin/gmake" "cmTC_db868/fast"
gmake: Warning: File `Makefile' has modification time 1.4 s in the future
/usr/bin/gmake -f CMakeFiles/cmTC_db868.dir/build.make CMakeFiles/cmTC_db868.dir/build
gmake[1]: Entering directory `/home/mersdk/share/stellarium-mobile-1.24/CMakeFiles/CMakeTmp'
gmake[1]: Warning: File `CMakeFiles/cmTC_db868.dir/flags.make' has modification time 1.4 s in the future
Building CXX object CMakeFiles/cmTC_db868.dir/feature_tests.cxx.o
/usr/bin/c++     -std=c++11 -o CMakeFiles/cmTC_db868.dir/feature_tests.cxx.o -c /home/mersdk/share/stellarium-mobile-1.24/CMakeFiles/feature_tests.cxx
Linking CXX executable cmTC_db868
/usr/bin/cmake -E cmake_link_script CMakeFiles/cmTC_db868.dir/link.txt --verbose=1
/usr/bin/c++        CMakeFiles/cmTC_db868.dir/feature_tests.cxx.o  -o cmTC_db868 -rdynamic 
gmake[1]: warning:  Clock skew detected.  Your build may be incomplete.
gmake[1]: Leaving directory `/home/mersdk/share/stellarium-mobile-1.24/CMakeFiles/CMakeTmp'
gmake: warning:  Clock skew detected.  Your build may be incomplete.


    Feature record: CXX_FEATURE:0cxx_aggregate_default_initializers
    Feature record: CXX_FEATURE:1cxx_alias_templates
    Feature record: CXX_FEATURE:1cxx_alignas
    Feature record: CXX_FEATURE:1cxx_alignof
    Feature record: CXX_FEATURE:1cxx_attributes
    Feature record: CXX_FEATURE:0cxx_attribute_deprecated
    Feature record: CXX_FEATURE:1cxx_auto_type
    Feature record: CXX_FEATURE:0cxx_binary_literals
    Feature record: CXX_FEATURE:1cxx_constexpr
    Feature record: CXX_FEATURE:0cxx_contextual_conversions
    Feature record: CXX_FEATURE:1cxx_decltype
    Feature record: CXX_FEATURE:0cxx_decltype_auto
    Feature record: CXX_FEATURE:1cxx_decltype_incomplete_return_types
    Feature record: CXX_FEATURE:1cxx_default_function_template_args
    Feature record: CXX_FEATURE:1cxx_defaulted_functions
    Feature record: CXX_FEATURE:1cxx_defaulted_move_initializers
    Feature record: CXX_FEATURE:1cxx_delegating_constructors
    Feature record: CXX_FEATURE:1cxx_deleted_functions
    Feature record: CXX_FEATURE:0cxx_digit_separators
    Feature record: CXX_FEATURE:1cxx_enum_forward_declarations
    Feature record: CXX_FEATURE:1cxx_explicit_conversions
    Feature record: CXX_FEATURE:1cxx_extended_friend_declarations
    Feature record: CXX_FEATURE:1cxx_extern_templates
    Feature record: CXX_FEATURE:1cxx_final
    Feature record: CXX_FEATURE:1cxx_func_identifier
    Feature record: CXX_FEATURE:1cxx_generalized_initializers
    Feature record: CXX_FEATURE:0cxx_generic_lambdas
    Feature record: CXX_FEATURE:1cxx_inheriting_constructors
    Feature record: CXX_FEATURE:1cxx_inline_namespaces
    Feature record: CXX_FEATURE:1cxx_lambdas
    Feature record: CXX_FEATURE:0cxx_lambda_init_captures
    Feature record: CXX_FEATURE:1cxx_local_type_template_args
    Feature record: CXX_FEATURE:1cxx_long_long_type
    Feature record: CXX_FEATURE:1cxx_noexcept
    Feature record: CXX_FEATURE:1cxx_nonstatic_member_init
    Feature record: CXX_FEATURE:1cxx_nullptr
    Feature record: CXX_FEATURE:1cxx_override
    Feature record: CXX_FEATURE:1cxx_range_for
    Feature record: CXX_FEATURE:1cxx_raw_string_literals
    Feature record: CXX_FEATURE:1cxx_reference_qualified_functions
    Feature record: CXX_FEATURE:0cxx_relaxed_constexpr
    Feature record: CXX_FEATURE:0cxx_return_type_deduction
    Feature record: CXX_FEATURE:1cxx_right_angle_brackets
    Feature record: CXX_FEATURE:1cxx_rvalue_references
    Feature record: CXX_FEATURE:1cxx_sizeof_member
    Feature record: CXX_FEATURE:1cxx_static_assert
    Feature record: CXX_FEATURE:1cxx_strong_enums
    Feature record: CXX_FEATURE:1cxx_template_template_parameters
    Feature record: CXX_FEATURE:1cxx_thread_local
    Feature record: CXX_FEATURE:1cxx_trailing_return_types
    Feature record: CXX_FEATURE:1cxx_unicode_literals
    Feature record: CXX_FEATURE:1cxx_uniform_initialization
    Feature record: CXX_FEATURE:1cxx_unrestricted_unions
    Feature record: CXX_FEATURE:1cxx_user_literals
    Feature record: CXX_FEATURE:0cxx_variable_templates
    Feature record: CXX_FEATURE:1cxx_variadic_macros
    Feature record: CXX_FEATURE:1cxx_variadic_templates


Detecting CXX [-std=c++98] compiler features compiled with the following output:
Change Dir: /home/mersdk/share/stellarium-mobile-1.24/CMakeFiles/CMakeTmp

Run Build Command:"/usr/bin/gmake" "cmTC_b0d11/fast"
gmake: Warning: File `Makefile' has modification time 1.4 s in the future
/usr/bin/gmake -f CMakeFiles/cmTC_b0d11.dir/build.make CMakeFiles/cmTC_b0d11.dir/build
gmake[1]: Entering directory `/home/mersdk/share/stellarium-mobile-1.24/CMakeFiles/CMakeTmp'
gmake[1]: Warning: File `CMakeFiles/cmTC_b0d11.dir/flags.make' has modification time 1.4 s in the future
Building CXX object CMakeFiles/cmTC_b0d11.dir/feature_tests.cxx.o
/usr/bin/c++     -std=c++98 -o CMakeFiles/cmTC_b0d11.dir/feature_tests.cxx.o -c /home/mersdk/share/stellarium-mobile-1.24/CMakeFiles/feature_tests.cxx
Linking CXX executable cmTC_b0d11
/usr/bin/cmake -E cmake_link_script CMakeFiles/cmTC_b0d11.dir/link.txt --verbose=1
/usr/bin/c++        CMakeFiles/cmTC_b0d11.dir/feature_tests.cxx.o  -o cmTC_b0d11 -rdynamic 
gmake[1]: warning:  Clock skew detected.  Your build may be incomplete.
gmake[1]: Leaving directory `/home/mersdk/share/stellarium-mobile-1.24/CMakeFiles/CMakeTmp'
gmake: warning:  Clock skew detected.  Your build may be incomplete.


    Feature record: CXX_FEATURE:0cxx_aggregate_default_initializers
    Feature record: CXX_FEATURE:0cxx_alias_templates
    Feature record: CXX_FEATURE:0cxx_alignas
    Feature record: CXX_FEATURE:0cxx_alignof
    Feature record: CXX_FEATURE:0cxx_attributes
    Feature record: CXX_FEATURE:0cxx_attribute_deprecated
    Feature record: CXX_FEATURE:0cxx_auto_type
    Feature record: CXX_FEATURE:0cxx_binary_literals
    Feature record: CXX_FEATURE:0cxx_constexpr
    Feature record: CXX_FEATURE:0cxx_contextual_conversions
    Feature record: CXX_FEATURE:0cxx_decltype
    Feature record: CXX_FEATURE:0cxx_decltype_auto
    Feature record: CXX_FEATURE:0cxx_decltype_incomplete_return_types
    Feature record: CXX_FEATURE:0cxx_default_function_template_args
    Feature record: CXX_FEATURE:0cxx_defaulted_functions
    Feature record: CXX_FEATURE:0cxx_defaulted_move_initializers
    Feature record: CXX_FEATURE:0cxx_delegating_constructors
    Feature record: CXX_FEATURE:0cxx_deleted_functions
    Feature record: CXX_FEATURE:0cxx_digit_separators
    Feature record: CXX_FEATURE:0cxx_enum_forward_declarations
    Feature record: CXX_FEATURE:0cxx_explicit_conversions
    Feature record: CXX_FEATURE:0cxx_extended_friend_declarations
    Feature record: CXX_FEATURE:0cxx_extern_templates
    Feature record: CXX_FEATURE:0cxx_final
    Feature record: CXX_FEATURE:0cxx_func_identifier
    Feature record: CXX_FEATURE:0cxx_generalized_initializers
    Feature record: CXX_FEATURE:0cxx_generic_lambdas
    Feature record: CXX_FEATURE:0cxx_inheriting_constructors
    Feature record: CXX_FEATURE:0cxx_inline_namespaces
    Feature record: CXX_FEATURE:0cxx_lambdas
    Feature record: CXX_FEATURE:0cxx_lambda_init_captures
    Feature record: CXX_FEATURE:0cxx_local_type_template_args
    Feature record: CXX_FEATURE:0cxx_long_long_type
    Feature record: CXX_FEATURE:0cxx_noexcept
    Feature record: CXX_FEATURE:0cxx_nonstatic_member_init
    Feature record: CXX_FEATURE:0cxx_nullptr
    Feature record: CXX_FEATURE:0cxx_override
    Feature record: CXX_FEATURE:0cxx_range_for
    Feature record: CXX_FEATURE:0cxx_raw_string_literals
    Feature record: CXX_FEATURE:0cxx_reference_qualified_functions
    Feature record: CXX_FEATURE:0cxx_relaxed_constexpr
    Feature record: CXX_FEATURE:0cxx_return_type_deduction
    Feature record: CXX_FEATURE:0cxx_right_angle_brackets
    Feature record: CXX_FEATURE:0cxx_rvalue_references
    Feature record: CXX_FEATURE:0cxx_sizeof_member
    Feature record: CXX_FEATURE:0cxx_static_assert
    Feature record: CXX_FEATURE:0cxx_strong_enums
    Feature record: CXX_FEATURE:1cxx_template_template_parameters
    Feature record: CXX_FEATURE:0cxx_thread_local
    Feature record: CXX_FEATURE:0cxx_trailing_return_types
    Feature record: CXX_FEATURE:0cxx_unicode_literals
    Feature record: CXX_FEATURE:0cxx_uniform_initialization
    Feature record: CXX_FEATURE:0cxx_unrestricted_unions
    Feature record: CXX_FEATURE:0cxx_user_literals
    Feature record: CXX_FEATURE:0cxx_variable_templates
    Feature record: CXX_FEATURE:0cxx_variadic_macros
    Feature record: CXX_FEATURE:0cxx_variadic_templates
Determining if the function pow10 exists passed with the following output:
Change Dir: /home/mersdk/share/stellarium-mobile-1.24/CMakeFiles/CMakeTmp

Run Build Command:"/usr/bin/gmake" "cmTC_6b8bf/fast"
gmake: Warning: File `Makefile' has modification time 1.4 s in the future
/usr/bin/gmake -f CMakeFiles/cmTC_6b8bf.dir/build.make CMakeFiles/cmTC_6b8bf.dir/build
gmake[1]: Entering directory `/home/mersdk/share/stellarium-mobile-1.24/CMakeFiles/CMakeTmp'
gmake[1]: Warning: File `CMakeFiles/cmTC_6b8bf.dir/flags.make' has modification time 1.4 s in the future
Building C object CMakeFiles/cmTC_6b8bf.dir/CheckFunctionExists.c.o
/usr/bin/cc    -Wall -Wextra -Wno-unused-parameter -DCHECK_FUNCTION_EXISTS=pow10   -o CMakeFiles/cmTC_6b8bf.dir/CheckFunctionExists.c.o   -c /usr/share/cmake/Modules/CheckFunctionExists.c
<command-line>:0:23: warning: conflicting types for built-in function ‘pow10’ [enabled by default]
/usr/share/cmake/Modules/CheckFunctionExists.c:7:3: note: in expansion of macro ‘CHECK_FUNCTION_EXISTS’
   CHECK_FUNCTION_EXISTS();
   ^
Linking C executable cmTC_6b8bf
/usr/bin/cmake -E cmake_link_script CMakeFiles/cmTC_6b8bf.dir/link.txt --verbose=1
/usr/bin/cc   -Wall -Wextra -Wno-unused-parameter -DCHECK_FUNCTION_EXISTS=pow10    CMakeFiles/cmTC_6b8bf.dir/CheckFunctionExists.c.o  -o cmTC_6b8bf -rdynamic -lm 
gmake[1]: warning:  Clock skew detected.  Your build may be incomplete.
gmake[1]: Leaving directory `/home/mersdk/share/stellarium-mobile-1.24/CMakeFiles/CMakeTmp'
gmake: warning:  Clock skew detected.  Your build may be incomplete.


