The system is: Linux - 3.6.11-10.1.26.jolla - i486
Compiling the C compiler identification source file "CMakeCCompilerId.c" succeeded.
Compiler: /usr/bin/cc 
Build flags: -O2;-g;-pipe;-Wall;-Wp,-D_FORTIFY_SOURCE=2;-fexceptions;-fstack-protector;--param=ssp-buffer-size=4;-Wformat;-Wformat-security;-m32;-msse;-msse2;-march=i686;-mfpmath=sse;-mtune=generic;-fno-omit-frame-pointer;-fasynchronous-unwind-tables
Id flags: 

The output was:
0


Compilation of the C compiler identification source "CMakeCCompilerId.c" produced "a.out"

The C compiler identification is GNU, found in "/home/mersdk/share/stellarium-mobile-1.24/rpmbuilddir/CMakeFiles/3.6.2/CompilerIdC/a.out"

Compiling the CXX compiler identification source file "CMakeCXXCompilerId.cpp" succeeded.
Compiler: /usr/bin/c++ 
Build flags: -O2;-g;-pipe;-Wall;-Wp,-D_FORTIFY_SOURCE=2;-fexceptions;-fstack-protector;--param=ssp-buffer-size=4;-Wformat;-Wformat-security;-m32;-msse;-msse2;-march=i686;-mfpmath=sse;-mtune=generic;-fno-omit-frame-pointer;-fasynchronous-unwind-tables
Id flags: 

The output was:
0


Compilation of the CXX compiler identification source "CMakeCXXCompilerId.cpp" produced "a.out"

The CXX compiler identification is GNU, found in "/home/mersdk/share/stellarium-mobile-1.24/rpmbuilddir/CMakeFiles/3.6.2/CompilerIdCXX/a.out"

Determining if the C compiler works passed with the following output:
Change Dir: /home/mersdk/share/stellarium-mobile-1.24/rpmbuilddir/CMakeFiles/CMakeTmp

Run Build Command:"/usr/bin/gmake" "cmTC_929a9/fast"
gmake: Warning: File `Makefile' has modification time 0.8 s in the future
/usr/bin/gmake -f CMakeFiles/cmTC_929a9.dir/build.make CMakeFiles/cmTC_929a9.dir/build
gmake[1]: Entering directory `/home/mersdk/share/stellarium-mobile-1.24/rpmbuilddir/CMakeFiles/CMakeTmp'
gmake[1]: Warning: File `CMakeFiles/cmTC_929a9.dir/flags.make' has modification time 0.78 s in the future
Building C object CMakeFiles/cmTC_929a9.dir/testCCompiler.c.o
/usr/bin/cc    -O2 -g -pipe -Wall -Wp,-D_FORTIFY_SOURCE=2 -fexceptions -fstack-protector --param=ssp-buffer-size=4 -Wformat -Wformat-security -m32 -msse -msse2 -march=i686 -mfpmath=sse -mtune=generic -fno-omit-frame-pointer -fasynchronous-unwind-tables     -o CMakeFiles/cmTC_929a9.dir/testCCompiler.c.o   -c /home/mersdk/share/stellarium-mobile-1.24/rpmbuilddir/CMakeFiles/CMakeTmp/testCCompiler.c
Linking C executable cmTC_929a9
/usr/bin/cmake -E cmake_link_script CMakeFiles/cmTC_929a9.dir/link.txt --verbose=1
/usr/bin/cc  -O2 -g -pipe -Wall -Wp,-D_FORTIFY_SOURCE=2 -fexceptions -fstack-protector --param=ssp-buffer-size=4 -Wformat -Wformat-security -m32 -msse -msse2 -march=i686 -mfpmath=sse -mtune=generic -fno-omit-frame-pointer -fasynchronous-unwind-tables      CMakeFiles/cmTC_929a9.dir/testCCompiler.c.o  -o cmTC_929a9 -rdynamic 
gmake[1]: warning:  Clock skew detected.  Your build may be incomplete.
gmake[1]: Leaving directory `/home/mersdk/share/stellarium-mobile-1.24/rpmbuilddir/CMakeFiles/CMakeTmp'
gmake: warning:  Clock skew detected.  Your build may be incomplete.


Detecting C compiler ABI info compiled with the following output:
Change Dir: /home/mersdk/share/stellarium-mobile-1.24/rpmbuilddir/CMakeFiles/CMakeTmp

Run Build Command:"/usr/bin/gmake" "cmTC_93bb8/fast"
gmake: Warning: File `Makefile' has modification time 0.8 s in the future
/usr/bin/gmake -f CMakeFiles/cmTC_93bb8.dir/build.make CMakeFiles/cmTC_93bb8.dir/build
gmake[1]: Entering directory `/home/mersdk/share/stellarium-mobile-1.24/rpmbuilddir/CMakeFiles/CMakeTmp'
gmake[1]: Warning: File `CMakeFiles/cmTC_93bb8.dir/flags.make' has modification time 0.78 s in the future
Building C object CMakeFiles/cmTC_93bb8.dir/CMakeCCompilerABI.c.o
/usr/bin/cc    -O2 -g -pipe -Wall -Wp,-D_FORTIFY_SOURCE=2 -fexceptions -fstack-protector --param=ssp-buffer-size=4 -Wformat -Wformat-security -m32 -msse -msse2 -march=i686 -mfpmath=sse -mtune=generic -fno-omit-frame-pointer -fasynchronous-unwind-tables     -o CMakeFiles/cmTC_93bb8.dir/CMakeCCompilerABI.c.o   -c /usr/share/cmake/Modules/CMakeCCompilerABI.c
Linking C executable cmTC_93bb8
/usr/bin/cmake -E cmake_link_script CMakeFiles/cmTC_93bb8.dir/link.txt --verbose=1
/usr/bin/cc  -O2 -g -pipe -Wall -Wp,-D_FORTIFY_SOURCE=2 -fexceptions -fstack-protector --param=ssp-buffer-size=4 -Wformat -Wformat-security -m32 -msse -msse2 -march=i686 -mfpmath=sse -mtune=generic -fno-omit-frame-pointer -fasynchronous-unwind-tables     -v CMakeFiles/cmTC_93bb8.dir/CMakeCCompilerABI.c.o  -o cmTC_93bb8 -rdynamic  
Using built-in specs.
COLLECT_GCC=/opt/cross/bin/i486-meego-linux-gnu-cc
COLLECT_LTO_WRAPPER=/opt/cross/libexec/gcc/i486-meego-linux-gnu/4.8.3/lto-wrapper
Target: i486-meego-linux-gnu
Configured with: ../configure --prefix=/opt/cross --mandir=/opt/cross/share/man --infodir=/opt/cross/share/info --disable-bootstrap --with-bugurl=http://bugs.merproject.org/ --build=i486-meego-linux --with-isl=/home/abuild/rpmbuild/BUILD/gcc-linaro-4.8-2014.04/obj-i486-meego-linux/isl-install --with-cloog=/home/abuild/rpmbuild/BUILD/gcc-linaro-4.8-2014.04/obj-i486-meego-linux/cloog-install --host=i486-meego-linux --target=i486-meego-linux-gnu --with-sysroot=/opt/cross/i486-meego-linux-gnu/sys-root --disable-multilib --disable-multilib --enable-checking=release --disable-fixed-point --with-system-zlib --enable-__cxa_atexit --disable-libunwind-exceptions --enable-gnu-unique-object --enable-lto --enable-linker-build-id --enable-languages=c,c++,objc,obj-c++ --enable-threads=posix --enable-shared --disable-libgcj --disable-libstdcxx-pch --with-arch=i686 --with-fpmatch=sse --with-gnu-as=/opt/cross/bin/i486-meego-linux-gnu-as --with-gnu-ld=/opt/cross/bin/i486-meego-linux-gnu-ld --with-as=/opt/cross/bin/i486-meego-linux-gnu-as --with-ld=/opt/cross/bin/i486-meego-linux-gnu-ld --build=i486-meego-linux
Thread model: posix
gcc version 4.8.3 20140401 (Mer 4.8.3-1) (Linaro GCC 4.8-2014.04) 
COMPILER_PATH=/opt/cross/libexec/gcc/i486-meego-linux-gnu/4.8.3/:/opt/cross/libexec/gcc/i486-meego-linux-gnu/4.8.3/:/opt/cross/libexec/gcc/i486-meego-linux-gnu/:/opt/cross/lib/gcc/i486-meego-linux-gnu/4.8.3/:/opt/cross/lib/gcc/i486-meego-linux-gnu/
LIBRARY_PATH=/opt/cross/lib/gcc/i486-meego-linux-gnu/4.8.3/:/opt/cross/lib/gcc/i486-meego-linux-gnu/4.8.3/../../../:/lib/:/usr/lib/
COLLECT_GCC_OPTIONS='-O2' '-g' '-pipe' '-Wall' '-fexceptions' '-fstack-protector' '--param' 'ssp-buffer-size=4' '-Wformat=1' '-Wformat-security' '-m32' '-msse' '-msse2' '-march=i686' '-mfpmath=sse' '-mtune=generic' '-fno-omit-frame-pointer' '-fasynchronous-unwind-tables' '-v' '-o' 'cmTC_93bb8' '-rdynamic' '-L/srv/mer/targets/SailfishOS-i486/usr/lib' '-L/srv/mer/targets/SailfishOS-i486/lib' '-I' '/usr/include'
 /opt/cross/libexec/gcc/i486-meego-linux-gnu/4.8.3/collect2 --sysroot=/ --build-id --eh-frame-hdr -m elf_i386 --hash-style=gnu -export-dynamic -dynamic-linker /lib/ld-linux.so.2 -o cmTC_93bb8 /usr/lib/crt1.o /usr/lib/crti.o /opt/cross/lib/gcc/i486-meego-linux-gnu/4.8.3/crtbegin.o -L/srv/mer/targets/SailfishOS-i486/usr/lib -L/srv/mer/targets/SailfishOS-i486/lib -L/opt/cross/lib/gcc/i486-meego-linux-gnu/4.8.3 -L/opt/cross/lib/gcc/i486-meego-linux-gnu/4.8.3/../../.. CMakeFiles/cmTC_93bb8.dir/CMakeCCompilerABI.c.o -lgcc --as-needed -lgcc_s --no-as-needed -lc -lgcc --as-needed -lgcc_s --no-as-needed /opt/cross/lib/gcc/i486-meego-linux-gnu/4.8.3/crtend.o /usr/lib/crtn.o
gmake[1]: warning:  Clock skew detected.  Your build may be incomplete.
gmake[1]: Leaving directory `/home/mersdk/share/stellarium-mobile-1.24/rpmbuilddir/CMakeFiles/CMakeTmp'
gmake: warning:  Clock skew detected.  Your build may be incomplete.


Parsed C implicit link information from above output:
  link line regex: [^( *|.*[/\])(ld|([^/\]+-)?ld|collect2)[^/\]*( |$)]
  ignore line: [Change Dir: /home/mersdk/share/stellarium-mobile-1.24/rpmbuilddir/CMakeFiles/CMakeTmp]
  ignore line: []
  ignore line: [Run Build Command:"/usr/bin/gmake" "cmTC_93bb8/fast"]
  ignore line: [gmake: Warning: File `Makefile' has modification time 0.8 s in the future]
  ignore line: [/usr/bin/gmake -f CMakeFiles/cmTC_93bb8.dir/build.make CMakeFiles/cmTC_93bb8.dir/build]
  ignore line: [gmake[1]: Entering directory `/home/mersdk/share/stellarium-mobile-1.24/rpmbuilddir/CMakeFiles/CMakeTmp']
  ignore line: [gmake[1]: Warning: File `CMakeFiles/cmTC_93bb8.dir/flags.make' has modification time 0.78 s in the future]
  ignore line: [Building C object CMakeFiles/cmTC_93bb8.dir/CMakeCCompilerABI.c.o]
  ignore line: [/usr/bin/cc    -O2 -g -pipe -Wall -Wp,-D_FORTIFY_SOURCE=2 -fexceptions -fstack-protector --param=ssp-buffer-size=4 -Wformat -Wformat-security -m32 -msse -msse2 -march=i686 -mfpmath=sse -mtune=generic -fno-omit-frame-pointer -fasynchronous-unwind-tables     -o CMakeFiles/cmTC_93bb8.dir/CMakeCCompilerABI.c.o   -c /usr/share/cmake/Modules/CMakeCCompilerABI.c]
  ignore line: [Linking C executable cmTC_93bb8]
  ignore line: [/usr/bin/cmake -E cmake_link_script CMakeFiles/cmTC_93bb8.dir/link.txt --verbose=1]
  ignore line: [/usr/bin/cc  -O2 -g -pipe -Wall -Wp,-D_FORTIFY_SOURCE=2 -fexceptions -fstack-protector --param=ssp-buffer-size=4 -Wformat -Wformat-security -m32 -msse -msse2 -march=i686 -mfpmath=sse -mtune=generic -fno-omit-frame-pointer -fasynchronous-unwind-tables     -v CMakeFiles/cmTC_93bb8.dir/CMakeCCompilerABI.c.o  -o cmTC_93bb8 -rdynamic  ]
  ignore line: [Using built-in specs.]
  ignore line: [COLLECT_GCC=/opt/cross/bin/i486-meego-linux-gnu-cc]
  ignore line: [COLLECT_LTO_WRAPPER=/opt/cross/libexec/gcc/i486-meego-linux-gnu/4.8.3/lto-wrapper]
  ignore line: [Target: i486-meego-linux-gnu]
  ignore line: [Configured with: ../configure --prefix=/opt/cross --mandir=/opt/cross/share/man --infodir=/opt/cross/share/info --disable-bootstrap --with-bugurl=http://bugs.merproject.org/ --build=i486-meego-linux --with-isl=/home/abuild/rpmbuild/BUILD/gcc-linaro-4.8-2014.04/obj-i486-meego-linux/isl-install --with-cloog=/home/abuild/rpmbuild/BUILD/gcc-linaro-4.8-2014.04/obj-i486-meego-linux/cloog-install --host=i486-meego-linux --target=i486-meego-linux-gnu --with-sysroot=/opt/cross/i486-meego-linux-gnu/sys-root --disable-multilib --disable-multilib --enable-checking=release --disable-fixed-point --with-system-zlib --enable-__cxa_atexit --disable-libunwind-exceptions --enable-gnu-unique-object --enable-lto --enable-linker-build-id --enable-languages=c,c++,objc,obj-c++ --enable-threads=posix --enable-shared --disable-libgcj --disable-libstdcxx-pch --with-arch=i686 --with-fpmatch=sse --with-gnu-as=/opt/cross/bin/i486-meego-linux-gnu-as --with-gnu-ld=/opt/cross/bin/i486-meego-linux-gnu-ld --with-as=/opt/cross/bin/i486-meego-linux-gnu-as --with-ld=/opt/cross/bin/i486-meego-linux-gnu-ld --build=i486-meego-linux]
  ignore line: [Thread model: posix]
  ignore line: [gcc version 4.8.3 20140401 (Mer 4.8.3-1) (Linaro GCC 4.8-2014.04) ]
  ignore line: [COMPILER_PATH=/opt/cross/libexec/gcc/i486-meego-linux-gnu/4.8.3/:/opt/cross/libexec/gcc/i486-meego-linux-gnu/4.8.3/:/opt/cross/libexec/gcc/i486-meego-linux-gnu/:/opt/cross/lib/gcc/i486-meego-linux-gnu/4.8.3/:/opt/cross/lib/gcc/i486-meego-linux-gnu/]
  ignore line: [LIBRARY_PATH=/opt/cross/lib/gcc/i486-meego-linux-gnu/4.8.3/:/opt/cross/lib/gcc/i486-meego-linux-gnu/4.8.3/../../../:/lib/:/usr/lib/]
  ignore line: [COLLECT_GCC_OPTIONS='-O2' '-g' '-pipe' '-Wall' '-fexceptions' '-fstack-protector' '--param' 'ssp-buffer-size=4' '-Wformat=1' '-Wformat-security' '-m32' '-msse' '-msse2' '-march=i686' '-mfpmath=sse' '-mtune=generic' '-fno-omit-frame-pointer' '-fasynchronous-unwind-tables' '-v' '-o' 'cmTC_93bb8' '-rdynamic' '-L/srv/mer/targets/SailfishOS-i486/usr/lib' '-L/srv/mer/targets/SailfishOS-i486/lib' '-I' '/usr/include']
  link line: [ /opt/cross/libexec/gcc/i486-meego-linux-gnu/4.8.3/collect2 --sysroot=/ --build-id --eh-frame-hdr -m elf_i386 --hash-style=gnu -export-dynamic -dynamic-linker /lib/ld-linux.so.2 -o cmTC_93bb8 /usr/lib/crt1.o /usr/lib/crti.o /opt/cross/lib/gcc/i486-meego-linux-gnu/4.8.3/crtbegin.o -L/srv/mer/targets/SailfishOS-i486/usr/lib -L/srv/mer/targets/SailfishOS-i486/lib -L/opt/cross/lib/gcc/i486-meego-linux-gnu/4.8.3 -L/opt/cross/lib/gcc/i486-meego-linux-gnu/4.8.3/../../.. CMakeFiles/cmTC_93bb8.dir/CMakeCCompilerABI.c.o -lgcc --as-needed -lgcc_s --no-as-needed -lc -lgcc --as-needed -lgcc_s --no-as-needed /opt/cross/lib/gcc/i486-meego-linux-gnu/4.8.3/crtend.o /usr/lib/crtn.o]
    arg [/opt/cross/libexec/gcc/i486-meego-linux-gnu/4.8.3/collect2] ==> ignore
    arg [--sysroot=/] ==> ignore
    arg [--build-id] ==> ignore
    arg [--eh-frame-hdr] ==> ignore
    arg [-m] ==> ignore
    arg [elf_i386] ==> ignore
    arg [--hash-style=gnu] ==> ignore
    arg [-export-dynamic] ==> ignore
    arg [-dynamic-linker] ==> ignore
    arg [/lib/ld-linux.so.2] ==> ignore
    arg [-o] ==> ignore
    arg [cmTC_93bb8] ==> ignore
    arg [/usr/lib/crt1.o] ==> ignore
    arg [/usr/lib/crti.o] ==> ignore
    arg [/opt/cross/lib/gcc/i486-meego-linux-gnu/4.8.3/crtbegin.o] ==> ignore
    arg [-L/srv/mer/targets/SailfishOS-i486/usr/lib] ==> dir [/srv/mer/targets/SailfishOS-i486/usr/lib]
    arg [-L/srv/mer/targets/SailfishOS-i486/lib] ==> dir [/srv/mer/targets/SailfishOS-i486/lib]
    arg [-L/opt/cross/lib/gcc/i486-meego-linux-gnu/4.8.3] ==> dir [/opt/cross/lib/gcc/i486-meego-linux-gnu/4.8.3]
    arg [-L/opt/cross/lib/gcc/i486-meego-linux-gnu/4.8.3/../../..] ==> dir [/opt/cross/lib/gcc/i486-meego-linux-gnu/4.8.3/../../..]
    arg [CMakeFiles/cmTC_93bb8.dir/CMakeCCompilerABI.c.o] ==> ignore
    arg [-lgcc] ==> lib [gcc]
    arg [--as-needed] ==> ignore
    arg [-lgcc_s] ==> lib [gcc_s]
    arg [--no-as-needed] ==> ignore
    arg [-lc] ==> lib [c]
    arg [-lgcc] ==> lib [gcc]
    arg [--as-needed] ==> ignore
    arg [-lgcc_s] ==> lib [gcc_s]
    arg [--no-as-needed] ==> ignore
    arg [/opt/cross/lib/gcc/i486-meego-linux-gnu/4.8.3/crtend.o] ==> ignore
    arg [/usr/lib/crtn.o] ==> ignore
  remove lib [gcc]
  remove lib [gcc_s]
  remove lib [gcc]
  remove lib [gcc_s]
  collapse library dir [/srv/mer/targets/SailfishOS-i486/usr/lib] ==> [/srv/mer/targets/SailfishOS-i486/usr/lib]
  collapse library dir [/srv/mer/targets/SailfishOS-i486/lib] ==> [/srv/mer/targets/SailfishOS-i486/lib]
  collapse library dir [/opt/cross/lib/gcc/i486-meego-linux-gnu/4.8.3] ==> [/opt/cross/lib/gcc/i486-meego-linux-gnu/4.8.3]
  collapse library dir [/opt/cross/lib/gcc/i486-meego-linux-gnu/4.8.3/../../..] ==> [/opt/cross/lib]
  implicit libs: [c]
  implicit dirs: [/srv/mer/targets/SailfishOS-i486/usr/lib;/srv/mer/targets/SailfishOS-i486/lib;/opt/cross/lib/gcc/i486-meego-linux-gnu/4.8.3;/opt/cross/lib]
  implicit fwks: []




Detecting C [-std=c11] compiler features compiled with the following output:
Change Dir: /home/mersdk/share/stellarium-mobile-1.24/rpmbuilddir/CMakeFiles/CMakeTmp

Run Build Command:"/usr/bin/gmake" "cmTC_8ee5f/fast"
gmake: Warning: File `Makefile' has modification time 0.8 s in the future
/usr/bin/gmake -f CMakeFiles/cmTC_8ee5f.dir/build.make CMakeFiles/cmTC_8ee5f.dir/build
gmake[1]: Entering directory `/home/mersdk/share/stellarium-mobile-1.24/rpmbuilddir/CMakeFiles/CMakeTmp'
gmake[1]: Warning: File `CMakeFiles/cmTC_8ee5f.dir/flags.make' has modification time 0.78 s in the future
Building C object CMakeFiles/cmTC_8ee5f.dir/feature_tests.c.o
/usr/bin/cc    -O2 -g -pipe -Wall -Wp,-D_FORTIFY_SOURCE=2 -fexceptions -fstack-protector --param=ssp-buffer-size=4 -Wformat -Wformat-security -m32 -msse -msse2 -march=i686 -mfpmath=sse -mtune=generic -fno-omit-frame-pointer -fasynchronous-unwind-tables     -std=c11 -o CMakeFiles/cmTC_8ee5f.dir/feature_tests.c.o   -c /home/mersdk/share/stellarium-mobile-1.24/rpmbuilddir/CMakeFiles/feature_tests.c
Linking C executable cmTC_8ee5f
/usr/bin/cmake -E cmake_link_script CMakeFiles/cmTC_8ee5f.dir/link.txt --verbose=1
/usr/bin/cc  -O2 -g -pipe -Wall -Wp,-D_FORTIFY_SOURCE=2 -fexceptions -fstack-protector --param=ssp-buffer-size=4 -Wformat -Wformat-security -m32 -msse -msse2 -march=i686 -mfpmath=sse -mtune=generic -fno-omit-frame-pointer -fasynchronous-unwind-tables      CMakeFiles/cmTC_8ee5f.dir/feature_tests.c.o  -o cmTC_8ee5f -rdynamic 
gmake[1]: warning:  Clock skew detected.  Your build may be incomplete.
gmake[1]: Leaving directory `/home/mersdk/share/stellarium-mobile-1.24/rpmbuilddir/CMakeFiles/CMakeTmp'
gmake: warning:  Clock skew detected.  Your build may be incomplete.


    Feature record: C_FEATURE:1c_function_prototypes
    Feature record: C_FEATURE:1c_restrict
    Feature record: C_FEATURE:1c_static_assert
    Feature record: C_FEATURE:1c_variadic_macros


Detecting C [-std=c99] compiler features compiled with the following output:
Change Dir: /home/mersdk/share/stellarium-mobile-1.24/rpmbuilddir/CMakeFiles/CMakeTmp

Run Build Command:"/usr/bin/gmake" "cmTC_a79cf/fast"
gmake: Warning: File `Makefile' has modification time 0.8 s in the future
/usr/bin/gmake -f CMakeFiles/cmTC_a79cf.dir/build.make CMakeFiles/cmTC_a79cf.dir/build
gmake[1]: Entering directory `/home/mersdk/share/stellarium-mobile-1.24/rpmbuilddir/CMakeFiles/CMakeTmp'
gmake[1]: Warning: File `CMakeFiles/cmTC_a79cf.dir/flags.make' has modification time 0.77 s in the future
Building C object CMakeFiles/cmTC_a79cf.dir/feature_tests.c.o
/usr/bin/cc    -O2 -g -pipe -Wall -Wp,-D_FORTIFY_SOURCE=2 -fexceptions -fstack-protector --param=ssp-buffer-size=4 -Wformat -Wformat-security -m32 -msse -msse2 -march=i686 -mfpmath=sse -mtune=generic -fno-omit-frame-pointer -fasynchronous-unwind-tables     -std=c99 -o CMakeFiles/cmTC_a79cf.dir/feature_tests.c.o   -c /home/mersdk/share/stellarium-mobile-1.24/rpmbuilddir/CMakeFiles/feature_tests.c
Linking C executable cmTC_a79cf
/usr/bin/cmake -E cmake_link_script CMakeFiles/cmTC_a79cf.dir/link.txt --verbose=1
/usr/bin/cc  -O2 -g -pipe -Wall -Wp,-D_FORTIFY_SOURCE=2 -fexceptions -fstack-protector --param=ssp-buffer-size=4 -Wformat -Wformat-security -m32 -msse -msse2 -march=i686 -mfpmath=sse -mtune=generic -fno-omit-frame-pointer -fasynchronous-unwind-tables      CMakeFiles/cmTC_a79cf.dir/feature_tests.c.o  -o cmTC_a79cf -rdynamic 
gmake[1]: warning:  Clock skew detected.  Your build may be incomplete.
gmake[1]: Leaving directory `/home/mersdk/share/stellarium-mobile-1.24/rpmbuilddir/CMakeFiles/CMakeTmp'
gmake: warning:  Clock skew detected.  Your build may be incomplete.


    Feature record: C_FEATURE:1c_function_prototypes
    Feature record: C_FEATURE:1c_restrict
    Feature record: C_FEATURE:0c_static_assert
    Feature record: C_FEATURE:1c_variadic_macros


Detecting C [-std=c90] compiler features compiled with the following output:
Change Dir: /home/mersdk/share/stellarium-mobile-1.24/rpmbuilddir/CMakeFiles/CMakeTmp

Run Build Command:"/usr/bin/gmake" "cmTC_3da03/fast"
gmake: Warning: File `Makefile' has modification time 0.8 s in the future
/usr/bin/gmake -f CMakeFiles/cmTC_3da03.dir/build.make CMakeFiles/cmTC_3da03.dir/build
gmake[1]: Entering directory `/home/mersdk/share/stellarium-mobile-1.24/rpmbuilddir/CMakeFiles/CMakeTmp'
gmake[1]: Warning: File `CMakeFiles/cmTC_3da03.dir/flags.make' has modification time 0.78 s in the future
Building C object CMakeFiles/cmTC_3da03.dir/feature_tests.c.o
/usr/bin/cc    -O2 -g -pipe -Wall -Wp,-D_FORTIFY_SOURCE=2 -fexceptions -fstack-protector --param=ssp-buffer-size=4 -Wformat -Wformat-security -m32 -msse -msse2 -march=i686 -mfpmath=sse -mtune=generic -fno-omit-frame-pointer -fasynchronous-unwind-tables     -std=c90 -o CMakeFiles/cmTC_3da03.dir/feature_tests.c.o   -c /home/mersdk/share/stellarium-mobile-1.24/rpmbuilddir/CMakeFiles/feature_tests.c
Linking C executable cmTC_3da03
/usr/bin/cmake -E cmake_link_script CMakeFiles/cmTC_3da03.dir/link.txt --verbose=1
/usr/bin/cc  -O2 -g -pipe -Wall -Wp,-D_FORTIFY_SOURCE=2 -fexceptions -fstack-protector --param=ssp-buffer-size=4 -Wformat -Wformat-security -m32 -msse -msse2 -march=i686 -mfpmath=sse -mtune=generic -fno-omit-frame-pointer -fasynchronous-unwind-tables      CMakeFiles/cmTC_3da03.dir/feature_tests.c.o  -o cmTC_3da03 -rdynamic 
gmake[1]: warning:  Clock skew detected.  Your build may be incomplete.
gmake[1]: Leaving directory `/home/mersdk/share/stellarium-mobile-1.24/rpmbuilddir/CMakeFiles/CMakeTmp'
gmake: warning:  Clock skew detected.  Your build may be incomplete.


    Feature record: C_FEATURE:1c_function_prototypes
    Feature record: C_FEATURE:0c_restrict
    Feature record: C_FEATURE:0c_static_assert
    Feature record: C_FEATURE:0c_variadic_macros
Determining if the CXX compiler works passed with the following output:
Change Dir: /home/mersdk/share/stellarium-mobile-1.24/rpmbuilddir/CMakeFiles/CMakeTmp

Run Build Command:"/usr/bin/gmake" "cmTC_8094d/fast"
gmake: Warning: File `Makefile' has modification time 0.8 s in the future
/usr/bin/gmake -f CMakeFiles/cmTC_8094d.dir/build.make CMakeFiles/cmTC_8094d.dir/build
gmake[1]: Entering directory `/home/mersdk/share/stellarium-mobile-1.24/rpmbuilddir/CMakeFiles/CMakeTmp'
gmake[1]: Warning: File `CMakeFiles/cmTC_8094d.dir/flags.make' has modification time 0.78 s in the future
Building CXX object CMakeFiles/cmTC_8094d.dir/testCXXCompiler.cxx.o
/usr/bin/c++     -O2 -g -pipe -Wall -Wp,-D_FORTIFY_SOURCE=2 -fexceptions -fstack-protector --param=ssp-buffer-size=4 -Wformat -Wformat-security -m32 -msse -msse2 -march=i686 -mfpmath=sse -mtune=generic -fno-omit-frame-pointer -fasynchronous-unwind-tables     -o CMakeFiles/cmTC_8094d.dir/testCXXCompiler.cxx.o -c /home/mersdk/share/stellarium-mobile-1.24/rpmbuilddir/CMakeFiles/CMakeTmp/testCXXCompiler.cxx
Linking CXX executable cmTC_8094d
/usr/bin/cmake -E cmake_link_script CMakeFiles/cmTC_8094d.dir/link.txt --verbose=1
/usr/bin/c++   -O2 -g -pipe -Wall -Wp,-D_FORTIFY_SOURCE=2 -fexceptions -fstack-protector --param=ssp-buffer-size=4 -Wformat -Wformat-security -m32 -msse -msse2 -march=i686 -mfpmath=sse -mtune=generic -fno-omit-frame-pointer -fasynchronous-unwind-tables      CMakeFiles/cmTC_8094d.dir/testCXXCompiler.cxx.o  -o cmTC_8094d -rdynamic 
gmake[1]: warning:  Clock skew detected.  Your build may be incomplete.
gmake[1]: Leaving directory `/home/mersdk/share/stellarium-mobile-1.24/rpmbuilddir/CMakeFiles/CMakeTmp'
gmake: warning:  Clock skew detected.  Your build may be incomplete.


Detecting CXX compiler ABI info compiled with the following output:
Change Dir: /home/mersdk/share/stellarium-mobile-1.24/rpmbuilddir/CMakeFiles/CMakeTmp

Run Build Command:"/usr/bin/gmake" "cmTC_2ef96/fast"
gmake: Warning: File `Makefile' has modification time 0.8 s in the future
/usr/bin/gmake -f CMakeFiles/cmTC_2ef96.dir/build.make CMakeFiles/cmTC_2ef96.dir/build
gmake[1]: Entering directory `/home/mersdk/share/stellarium-mobile-1.24/rpmbuilddir/CMakeFiles/CMakeTmp'
gmake[1]: Warning: File `CMakeFiles/cmTC_2ef96.dir/flags.make' has modification time 0.78 s in the future
Building CXX object CMakeFiles/cmTC_2ef96.dir/CMakeCXXCompilerABI.cpp.o
/usr/bin/c++     -O2 -g -pipe -Wall -Wp,-D_FORTIFY_SOURCE=2 -fexceptions -fstack-protector --param=ssp-buffer-size=4 -Wformat -Wformat-security -m32 -msse -msse2 -march=i686 -mfpmath=sse -mtune=generic -fno-omit-frame-pointer -fasynchronous-unwind-tables     -o CMakeFiles/cmTC_2ef96.dir/CMakeCXXCompilerABI.cpp.o -c /usr/share/cmake/Modules/CMakeCXXCompilerABI.cpp
Linking CXX executable cmTC_2ef96
/usr/bin/cmake -E cmake_link_script CMakeFiles/cmTC_2ef96.dir/link.txt --verbose=1
/usr/bin/c++   -O2 -g -pipe -Wall -Wp,-D_FORTIFY_SOURCE=2 -fexceptions -fstack-protector --param=ssp-buffer-size=4 -Wformat -Wformat-security -m32 -msse -msse2 -march=i686 -mfpmath=sse -mtune=generic -fno-omit-frame-pointer -fasynchronous-unwind-tables     -v CMakeFiles/cmTC_2ef96.dir/CMakeCXXCompilerABI.cpp.o  -o cmTC_2ef96 -rdynamic  
Using built-in specs.
COLLECT_GCC=/opt/cross/bin/i486-meego-linux-gnu-c++
COLLECT_LTO_WRAPPER=/opt/cross/libexec/gcc/i486-meego-linux-gnu/4.8.3/lto-wrapper
Target: i486-meego-linux-gnu
Configured with: ../configure --prefix=/opt/cross --mandir=/opt/cross/share/man --infodir=/opt/cross/share/info --disable-bootstrap --with-bugurl=http://bugs.merproject.org/ --build=i486-meego-linux --with-isl=/home/abuild/rpmbuild/BUILD/gcc-linaro-4.8-2014.04/obj-i486-meego-linux/isl-install --with-cloog=/home/abuild/rpmbuild/BUILD/gcc-linaro-4.8-2014.04/obj-i486-meego-linux/cloog-install --host=i486-meego-linux --target=i486-meego-linux-gnu --with-sysroot=/opt/cross/i486-meego-linux-gnu/sys-root --disable-multilib --disable-multilib --enable-checking=release --disable-fixed-point --with-system-zlib --enable-__cxa_atexit --disable-libunwind-exceptions --enable-gnu-unique-object --enable-lto --enable-linker-build-id --enable-languages=c,c++,objc,obj-c++ --enable-threads=posix --enable-shared --disable-libgcj --disable-libstdcxx-pch --with-arch=i686 --with-fpmatch=sse --with-gnu-as=/opt/cross/bin/i486-meego-linux-gnu-as --with-gnu-ld=/opt/cross/bin/i486-meego-linux-gnu-ld --with-as=/opt/cross/bin/i486-meego-linux-gnu-as --with-ld=/opt/cross/bin/i486-meego-linux-gnu-ld --build=i486-meego-linux
Thread model: posix
gcc version 4.8.3 20140401 (Mer 4.8.3-1) (Linaro GCC 4.8-2014.04) 
COMPILER_PATH=/opt/cross/libexec/gcc/i486-meego-linux-gnu/4.8.3/:/opt/cross/libexec/gcc/i486-meego-linux-gnu/4.8.3/:/opt/cross/libexec/gcc/i486-meego-linux-gnu/:/opt/cross/lib/gcc/i486-meego-linux-gnu/4.8.3/:/opt/cross/lib/gcc/i486-meego-linux-gnu/
LIBRARY_PATH=/opt/cross/lib/gcc/i486-meego-linux-gnu/4.8.3/:/opt/cross/lib/gcc/i486-meego-linux-gnu/4.8.3/../../../:/lib/:/usr/lib/
COLLECT_GCC_OPTIONS='-O2' '-g' '-pipe' '-Wall' '-fexceptions' '-fstack-protector' '--param' 'ssp-buffer-size=4' '-Wformat=1' '-Wformat-security' '-m32' '-msse' '-msse2' '-march=i686' '-mfpmath=sse' '-mtune=generic' '-fno-omit-frame-pointer' '-fasynchronous-unwind-tables' '-v' '-o' 'cmTC_2ef96' '-rdynamic' '-L/srv/mer/targets/SailfishOS-i486/usr/lib' '-L/srv/mer/targets/SailfishOS-i486/lib' '-I' '/usr/include' '-shared-libgcc'
 /opt/cross/libexec/gcc/i486-meego-linux-gnu/4.8.3/collect2 --sysroot=/ --build-id --eh-frame-hdr -m elf_i386 --hash-style=gnu -export-dynamic -dynamic-linker /lib/ld-linux.so.2 -o cmTC_2ef96 /usr/lib/crt1.o /usr/lib/crti.o /opt/cross/lib/gcc/i486-meego-linux-gnu/4.8.3/crtbegin.o -L/srv/mer/targets/SailfishOS-i486/usr/lib -L/srv/mer/targets/SailfishOS-i486/lib -L/opt/cross/lib/gcc/i486-meego-linux-gnu/4.8.3 -L/opt/cross/lib/gcc/i486-meego-linux-gnu/4.8.3/../../.. CMakeFiles/cmTC_2ef96.dir/CMakeCXXCompilerABI.cpp.o -lstdc++ -lm -lgcc_s -lgcc -lc -lgcc_s -lgcc /opt/cross/lib/gcc/i486-meego-linux-gnu/4.8.3/crtend.o /usr/lib/crtn.o
gmake[1]: warning:  Clock skew detected.  Your build may be incomplete.
gmake[1]: Leaving directory `/home/mersdk/share/stellarium-mobile-1.24/rpmbuilddir/CMakeFiles/CMakeTmp'
gmake: warning:  Clock skew detected.  Your build may be incomplete.


Parsed CXX implicit link information from above output:
  link line regex: [^( *|.*[/\])(ld|([^/\]+-)?ld|collect2)[^/\]*( |$)]
  ignore line: [Change Dir: /home/mersdk/share/stellarium-mobile-1.24/rpmbuilddir/CMakeFiles/CMakeTmp]
  ignore line: []
  ignore line: [Run Build Command:"/usr/bin/gmake" "cmTC_2ef96/fast"]
  ignore line: [gmake: Warning: File `Makefile' has modification time 0.8 s in the future]
  ignore line: [/usr/bin/gmake -f CMakeFiles/cmTC_2ef96.dir/build.make CMakeFiles/cmTC_2ef96.dir/build]
  ignore line: [gmake[1]: Entering directory `/home/mersdk/share/stellarium-mobile-1.24/rpmbuilddir/CMakeFiles/CMakeTmp']
  ignore line: [gmake[1]: Warning: File `CMakeFiles/cmTC_2ef96.dir/flags.make' has modification time 0.78 s in the future]
  ignore line: [Building CXX object CMakeFiles/cmTC_2ef96.dir/CMakeCXXCompilerABI.cpp.o]
  ignore line: [/usr/bin/c++     -O2 -g -pipe -Wall -Wp,-D_FORTIFY_SOURCE=2 -fexceptions -fstack-protector --param=ssp-buffer-size=4 -Wformat -Wformat-security -m32 -msse -msse2 -march=i686 -mfpmath=sse -mtune=generic -fno-omit-frame-pointer -fasynchronous-unwind-tables     -o CMakeFiles/cmTC_2ef96.dir/CMakeCXXCompilerABI.cpp.o -c /usr/share/cmake/Modules/CMakeCXXCompilerABI.cpp]
  ignore line: [Linking CXX executable cmTC_2ef96]
  ignore line: [/usr/bin/cmake -E cmake_link_script CMakeFiles/cmTC_2ef96.dir/link.txt --verbose=1]
  ignore line: [/usr/bin/c++   -O2 -g -pipe -Wall -Wp,-D_FORTIFY_SOURCE=2 -fexceptions -fstack-protector --param=ssp-buffer-size=4 -Wformat -Wformat-security -m32 -msse -msse2 -march=i686 -mfpmath=sse -mtune=generic -fno-omit-frame-pointer -fasynchronous-unwind-tables     -v CMakeFiles/cmTC_2ef96.dir/CMakeCXXCompilerABI.cpp.o  -o cmTC_2ef96 -rdynamic  ]
  ignore line: [Using built-in specs.]
  ignore line: [COLLECT_GCC=/opt/cross/bin/i486-meego-linux-gnu-c++]
  ignore line: [COLLECT_LTO_WRAPPER=/opt/cross/libexec/gcc/i486-meego-linux-gnu/4.8.3/lto-wrapper]
  ignore line: [Target: i486-meego-linux-gnu]
  ignore line: [Configured with: ../configure --prefix=/opt/cross --mandir=/opt/cross/share/man --infodir=/opt/cross/share/info --disable-bootstrap --with-bugurl=http://bugs.merproject.org/ --build=i486-meego-linux --with-isl=/home/abuild/rpmbuild/BUILD/gcc-linaro-4.8-2014.04/obj-i486-meego-linux/isl-install --with-cloog=/home/abuild/rpmbuild/BUILD/gcc-linaro-4.8-2014.04/obj-i486-meego-linux/cloog-install --host=i486-meego-linux --target=i486-meego-linux-gnu --with-sysroot=/opt/cross/i486-meego-linux-gnu/sys-root --disable-multilib --disable-multilib --enable-checking=release --disable-fixed-point --with-system-zlib --enable-__cxa_atexit --disable-libunwind-exceptions --enable-gnu-unique-object --enable-lto --enable-linker-build-id --enable-languages=c,c++,objc,obj-c++ --enable-threads=posix --enable-shared --disable-libgcj --disable-libstdcxx-pch --with-arch=i686 --with-fpmatch=sse --with-gnu-as=/opt/cross/bin/i486-meego-linux-gnu-as --with-gnu-ld=/opt/cross/bin/i486-meego-linux-gnu-ld --with-as=/opt/cross/bin/i486-meego-linux-gnu-as --with-ld=/opt/cross/bin/i486-meego-linux-gnu-ld --build=i486-meego-linux]
  ignore line: [Thread model: posix]
  ignore line: [gcc version 4.8.3 20140401 (Mer 4.8.3-1) (Linaro GCC 4.8-2014.04) ]
  ignore line: [COMPILER_PATH=/opt/cross/libexec/gcc/i486-meego-linux-gnu/4.8.3/:/opt/cross/libexec/gcc/i486-meego-linux-gnu/4.8.3/:/opt/cross/libexec/gcc/i486-meego-linux-gnu/:/opt/cross/lib/gcc/i486-meego-linux-gnu/4.8.3/:/opt/cross/lib/gcc/i486-meego-linux-gnu/]
  ignore line: [LIBRARY_PATH=/opt/cross/lib/gcc/i486-meego-linux-gnu/4.8.3/:/opt/cross/lib/gcc/i486-meego-linux-gnu/4.8.3/../../../:/lib/:/usr/lib/]
  ignore line: [COLLECT_GCC_OPTIONS='-O2' '-g' '-pipe' '-Wall' '-fexceptions' '-fstack-protector' '--param' 'ssp-buffer-size=4' '-Wformat=1' '-Wformat-security' '-m32' '-msse' '-msse2' '-march=i686' '-mfpmath=sse' '-mtune=generic' '-fno-omit-frame-pointer' '-fasynchronous-unwind-tables' '-v' '-o' 'cmTC_2ef96' '-rdynamic' '-L/srv/mer/targets/SailfishOS-i486/usr/lib' '-L/srv/mer/targets/SailfishOS-i486/lib' '-I' '/usr/include' '-shared-libgcc']
  link line: [ /opt/cross/libexec/gcc/i486-meego-linux-gnu/4.8.3/collect2 --sysroot=/ --build-id --eh-frame-hdr -m elf_i386 --hash-style=gnu -export-dynamic -dynamic-linker /lib/ld-linux.so.2 -o cmTC_2ef96 /usr/lib/crt1.o /usr/lib/crti.o /opt/cross/lib/gcc/i486-meego-linux-gnu/4.8.3/crtbegin.o -L/srv/mer/targets/SailfishOS-i486/usr/lib -L/srv/mer/targets/SailfishOS-i486/lib -L/opt/cross/lib/gcc/i486-meego-linux-gnu/4.8.3 -L/opt/cross/lib/gcc/i486-meego-linux-gnu/4.8.3/../../.. CMakeFiles/cmTC_2ef96.dir/CMakeCXXCompilerABI.cpp.o -lstdc++ -lm -lgcc_s -lgcc -lc -lgcc_s -lgcc /opt/cross/lib/gcc/i486-meego-linux-gnu/4.8.3/crtend.o /usr/lib/crtn.o]
    arg [/opt/cross/libexec/gcc/i486-meego-linux-gnu/4.8.3/collect2] ==> ignore
    arg [--sysroot=/] ==> ignore
    arg [--build-id] ==> ignore
    arg [--eh-frame-hdr] ==> ignore
    arg [-m] ==> ignore
    arg [elf_i386] ==> ignore
    arg [--hash-style=gnu] ==> ignore
    arg [-export-dynamic] ==> ignore
    arg [-dynamic-linker] ==> ignore
    arg [/lib/ld-linux.so.2] ==> ignore
    arg [-o] ==> ignore
    arg [cmTC_2ef96] ==> ignore
    arg [/usr/lib/crt1.o] ==> ignore
    arg [/usr/lib/crti.o] ==> ignore
    arg [/opt/cross/lib/gcc/i486-meego-linux-gnu/4.8.3/crtbegin.o] ==> ignore
    arg [-L/srv/mer/targets/SailfishOS-i486/usr/lib] ==> dir [/srv/mer/targets/SailfishOS-i486/usr/lib]
    arg [-L/srv/mer/targets/SailfishOS-i486/lib] ==> dir [/srv/mer/targets/SailfishOS-i486/lib]
    arg [-L/opt/cross/lib/gcc/i486-meego-linux-gnu/4.8.3] ==> dir [/opt/cross/lib/gcc/i486-meego-linux-gnu/4.8.3]
    arg [-L/opt/cross/lib/gcc/i486-meego-linux-gnu/4.8.3/../../..] ==> dir [/opt/cross/lib/gcc/i486-meego-linux-gnu/4.8.3/../../..]
    arg [CMakeFiles/cmTC_2ef96.dir/CMakeCXXCompilerABI.cpp.o] ==> ignore
    arg [-lstdc++] ==> lib [stdc++]
    arg [-lm] ==> lib [m]
    arg [-lgcc_s] ==> lib [gcc_s]
    arg [-lgcc] ==> lib [gcc]
    arg [-lc] ==> lib [c]
    arg [-lgcc_s] ==> lib [gcc_s]
    arg [-lgcc] ==> lib [gcc]
    arg [/opt/cross/lib/gcc/i486-meego-linux-gnu/4.8.3/crtend.o] ==> ignore
    arg [/usr/lib/crtn.o] ==> ignore
  remove lib [gcc_s]
  remove lib [gcc]
  remove lib [gcc_s]
  remove lib [gcc]
  collapse library dir [/srv/mer/targets/SailfishOS-i486/usr/lib] ==> [/srv/mer/targets/SailfishOS-i486/usr/lib]
  collapse library dir [/srv/mer/targets/SailfishOS-i486/lib] ==> [/srv/mer/targets/SailfishOS-i486/lib]
  collapse library dir [/opt/cross/lib/gcc/i486-meego-linux-gnu/4.8.3] ==> [/opt/cross/lib/gcc/i486-meego-linux-gnu/4.8.3]
  collapse library dir [/opt/cross/lib/gcc/i486-meego-linux-gnu/4.8.3/../../..] ==> [/opt/cross/lib]
  implicit libs: [stdc++;m;c]
  implicit dirs: [/srv/mer/targets/SailfishOS-i486/usr/lib;/srv/mer/targets/SailfishOS-i486/lib;/opt/cross/lib/gcc/i486-meego-linux-gnu/4.8.3;/opt/cross/lib]
  implicit fwks: []




Detecting CXX [-std=c++1y] compiler features compiled with the following output:
Change Dir: /home/mersdk/share/stellarium-mobile-1.24/rpmbuilddir/CMakeFiles/CMakeTmp

Run Build Command:"/usr/bin/gmake" "cmTC_80094/fast"
gmake: Warning: File `Makefile' has modification time 0.8 s in the future
/usr/bin/gmake -f CMakeFiles/cmTC_80094.dir/build.make CMakeFiles/cmTC_80094.dir/build
gmake[1]: Entering directory `/home/mersdk/share/stellarium-mobile-1.24/rpmbuilddir/CMakeFiles/CMakeTmp'
gmake[1]: Warning: File `CMakeFiles/cmTC_80094.dir/flags.make' has modification time 0.78 s in the future
Building CXX object CMakeFiles/cmTC_80094.dir/feature_tests.cxx.o
/usr/bin/c++     -O2 -g -pipe -Wall -Wp,-D_FORTIFY_SOURCE=2 -fexceptions -fstack-protector --param=ssp-buffer-size=4 -Wformat -Wformat-security -m32 -msse -msse2 -march=i686 -mfpmath=sse -mtune=generic -fno-omit-frame-pointer -fasynchronous-unwind-tables     -std=c++1y -o CMakeFiles/cmTC_80094.dir/feature_tests.cxx.o -c /home/mersdk/share/stellarium-mobile-1.24/rpmbuilddir/CMakeFiles/feature_tests.cxx
Linking CXX executable cmTC_80094
/usr/bin/cmake -E cmake_link_script CMakeFiles/cmTC_80094.dir/link.txt --verbose=1
/usr/bin/c++   -O2 -g -pipe -Wall -Wp,-D_FORTIFY_SOURCE=2 -fexceptions -fstack-protector --param=ssp-buffer-size=4 -Wformat -Wformat-security -m32 -msse -msse2 -march=i686 -mfpmath=sse -mtune=generic -fno-omit-frame-pointer -fasynchronous-unwind-tables      CMakeFiles/cmTC_80094.dir/feature_tests.cxx.o  -o cmTC_80094 -rdynamic 
gmake[1]: warning:  Clock skew detected.  Your build may be incomplete.
gmake[1]: Leaving directory `/home/mersdk/share/stellarium-mobile-1.24/rpmbuilddir/CMakeFiles/CMakeTmp'
gmake: warning:  Clock skew detected.  Your build may be incomplete.


    Feature record: CXX_FEATURE:0cxx_aggregate_default_initializers
    Feature record: CXX_FEATURE:1cxx_alias_templates
    Feature record: CXX_FEATURE:1cxx_alignas
    Feature record: CXX_FEATURE:1cxx_alignof
    Feature record: CXX_FEATURE:1cxx_attributes
    Feature record: CXX_FEATURE:0cxx_attribute_deprecated
    Feature record: CXX_FEATURE:1cxx_auto_type
    Feature record: CXX_FEATURE:0cxx_binary_literals
    Feature record: CXX_FEATURE:1cxx_constexpr
    Feature record: CXX_FEATURE:0cxx_contextual_conversions
    Feature record: CXX_FEATURE:1cxx_decltype
    Feature record: CXX_FEATURE:0cxx_decltype_auto
    Feature record: CXX_FEATURE:1cxx_decltype_incomplete_return_types
    Feature record: CXX_FEATURE:1cxx_default_function_template_args
    Feature record: CXX_FEATURE:1cxx_defaulted_functions
    Feature record: CXX_FEATURE:1cxx_defaulted_move_initializers
    Feature record: CXX_FEATURE:1cxx_delegating_constructors
    Feature record: CXX_FEATURE:1cxx_deleted_functions
    Feature record: CXX_FEATURE:0cxx_digit_separators
    Feature record: CXX_FEATURE:1cxx_enum_forward_declarations
    Feature record: CXX_FEATURE:1cxx_explicit_conversions
    Feature record: CXX_FEATURE:1cxx_extended_friend_declarations
    Feature record: CXX_FEATURE:1cxx_extern_templates
    Feature record: CXX_FEATURE:1cxx_final
    Feature record: CXX_FEATURE:1cxx_func_identifier
    Feature record: CXX_FEATURE:1cxx_generalized_initializers
    Feature record: CXX_FEATURE:0cxx_generic_lambdas
    Feature record: CXX_FEATURE:1cxx_inheriting_constructors
    Feature record: CXX_FEATURE:1cxx_inline_namespaces
    Feature record: CXX_FEATURE:1cxx_lambdas
    Feature record: CXX_FEATURE:0cxx_lambda_init_captures
    Feature record: CXX_FEATURE:1cxx_local_type_template_args
    Feature record: CXX_FEATURE:1cxx_long_long_type
    Feature record: CXX_FEATURE:1cxx_noexcept
    Feature record: CXX_FEATURE:1cxx_nonstatic_member_init
    Feature record: CXX_FEATURE:1cxx_nullptr
    Feature record: CXX_FEATURE:1cxx_override
    Feature record: CXX_FEATURE:1cxx_range_for
    Feature record: CXX_FEATURE:1cxx_raw_string_literals
    Feature record: CXX_FEATURE:1cxx_reference_qualified_functions
    Feature record: CXX_FEATURE:0cxx_relaxed_constexpr
    Feature record: CXX_FEATURE:0cxx_return_type_deduction
    Feature record: CXX_FEATURE:1cxx_right_angle_brackets
    Feature record: CXX_FEATURE:1cxx_rvalue_references
    Feature record: CXX_FEATURE:1cxx_sizeof_member
    Feature record: CXX_FEATURE:1cxx_static_assert
    Feature record: CXX_FEATURE:1cxx_strong_enums
    Feature record: CXX_FEATURE:1cxx_template_template_parameters
    Feature record: CXX_FEATURE:1cxx_thread_local
    Feature record: CXX_FEATURE:1cxx_trailing_return_types
    Feature record: CXX_FEATURE:1cxx_unicode_literals
    Feature record: CXX_FEATURE:1cxx_uniform_initialization
    Feature record: CXX_FEATURE:1cxx_unrestricted_unions
    Feature record: CXX_FEATURE:1cxx_user_literals
    Feature record: CXX_FEATURE:0cxx_variable_templates
    Feature record: CXX_FEATURE:1cxx_variadic_macros
    Feature record: CXX_FEATURE:1cxx_variadic_templates


Detecting CXX [-std=c++11] compiler features compiled with the following output:
Change Dir: /home/mersdk/share/stellarium-mobile-1.24/rpmbuilddir/CMakeFiles/CMakeTmp

Run Build Command:"/usr/bin/gmake" "cmTC_b1f71/fast"
gmake: Warning: File `Makefile' has modification time 0.8 s in the future
/usr/bin/gmake -f CMakeFiles/cmTC_b1f71.dir/build.make CMakeFiles/cmTC_b1f71.dir/build
gmake[1]: Entering directory `/home/mersdk/share/stellarium-mobile-1.24/rpmbuilddir/CMakeFiles/CMakeTmp'
gmake[1]: Warning: File `CMakeFiles/cmTC_b1f71.dir/flags.make' has modification time 0.78 s in the future
Building CXX object CMakeFiles/cmTC_b1f71.dir/feature_tests.cxx.o
/usr/bin/c++     -O2 -g -pipe -Wall -Wp,-D_FORTIFY_SOURCE=2 -fexceptions -fstack-protector --param=ssp-buffer-size=4 -Wformat -Wformat-security -m32 -msse -msse2 -march=i686 -mfpmath=sse -mtune=generic -fno-omit-frame-pointer -fasynchronous-unwind-tables     -std=c++11 -o CMakeFiles/cmTC_b1f71.dir/feature_tests.cxx.o -c /home/mersdk/share/stellarium-mobile-1.24/rpmbuilddir/CMakeFiles/feature_tests.cxx
Linking CXX executable cmTC_b1f71
/usr/bin/cmake -E cmake_link_script CMakeFiles/cmTC_b1f71.dir/link.txt --verbose=1
/usr/bin/c++   -O2 -g -pipe -Wall -Wp,-D_FORTIFY_SOURCE=2 -fexceptions -fstack-protector --param=ssp-buffer-size=4 -Wformat -Wformat-security -m32 -msse -msse2 -march=i686 -mfpmath=sse -mtune=generic -fno-omit-frame-pointer -fasynchronous-unwind-tables      CMakeFiles/cmTC_b1f71.dir/feature_tests.cxx.o  -o cmTC_b1f71 -rdynamic 
gmake[1]: warning:  Clock skew detected.  Your build may be incomplete.
gmake[1]: Leaving directory `/home/mersdk/share/stellarium-mobile-1.24/rpmbuilddir/CMakeFiles/CMakeTmp'
gmake: warning:  Clock skew detected.  Your build may be incomplete.


    Feature record: CXX_FEATURE:0cxx_aggregate_default_initializers
    Feature record: CXX_FEATURE:1cxx_alias_templates
    Feature record: CXX_FEATURE:1cxx_alignas
    Feature record: CXX_FEATURE:1cxx_alignof
    Feature record: CXX_FEATURE:1cxx_attributes
    Feature record: CXX_FEATURE:0cxx_attribute_deprecated
    Feature record: CXX_FEATURE:1cxx_auto_type
    Feature record: CXX_FEATURE:0cxx_binary_literals
    Feature record: CXX_FEATURE:1cxx_constexpr
    Feature record: CXX_FEATURE:0cxx_contextual_conversions
    Feature record: CXX_FEATURE:1cxx_decltype
    Feature record: CXX_FEATURE:0cxx_decltype_auto
    Feature record: CXX_FEATURE:1cxx_decltype_incomplete_return_types
    Feature record: CXX_FEATURE:1cxx_default_function_template_args
    Feature record: CXX_FEATURE:1cxx_defaulted_functions
    Feature record: CXX_FEATURE:1cxx_defaulted_move_initializers
    Feature record: CXX_FEATURE:1cxx_delegating_constructors
    Feature record: CXX_FEATURE:1cxx_deleted_functions
    Feature record: CXX_FEATURE:0cxx_digit_separators
    Feature record: CXX_FEATURE:1cxx_enum_forward_declarations
    Feature record: CXX_FEATURE:1cxx_explicit_conversions
    Feature record: CXX_FEATURE:1cxx_extended_friend_declarations
    Feature record: CXX_FEATURE:1cxx_extern_templates
    Feature record: CXX_FEATURE:1cxx_final
    Feature record: CXX_FEATURE:1cxx_func_identifier
    Feature record: CXX_FEATURE:1cxx_generalized_initializers
    Feature record: CXX_FEATURE:0cxx_generic_lambdas
    Feature record: CXX_FEATURE:1cxx_inheriting_constructors
    Feature record: CXX_FEATURE:1cxx_inline_namespaces
    Feature record: CXX_FEATURE:1cxx_lambdas
    Feature record: CXX_FEATURE:0cxx_lambda_init_captures
    Feature record: CXX_FEATURE:1cxx_local_type_template_args
    Feature record: CXX_FEATURE:1cxx_long_long_type
    Feature record: CXX_FEATURE:1cxx_noexcept
    Feature record: CXX_FEATURE:1cxx_nonstatic_member_init
    Feature record: CXX_FEATURE:1cxx_nullptr
    Feature record: CXX_FEATURE:1cxx_override
    Feature record: CXX_FEATURE:1cxx_range_for
    Feature record: CXX_FEATURE:1cxx_raw_string_literals
    Feature record: CXX_FEATURE:1cxx_reference_qualified_functions
    Feature record: CXX_FEATURE:0cxx_relaxed_constexpr
    Feature record: CXX_FEATURE:0cxx_return_type_deduction
    Feature record: CXX_FEATURE:1cxx_right_angle_brackets
    Feature record: CXX_FEATURE:1cxx_rvalue_references
    Feature record: CXX_FEATURE:1cxx_sizeof_member
    Feature record: CXX_FEATURE:1cxx_static_assert
    Feature record: CXX_FEATURE:1cxx_strong_enums
    Feature record: CXX_FEATURE:1cxx_template_template_parameters
    Feature record: CXX_FEATURE:1cxx_thread_local
    Feature record: CXX_FEATURE:1cxx_trailing_return_types
    Feature record: CXX_FEATURE:1cxx_unicode_literals
    Feature record: CXX_FEATURE:1cxx_uniform_initialization
    Feature record: CXX_FEATURE:1cxx_unrestricted_unions
    Feature record: CXX_FEATURE:1cxx_user_literals
    Feature record: CXX_FEATURE:0cxx_variable_templates
    Feature record: CXX_FEATURE:1cxx_variadic_macros
    Feature record: CXX_FEATURE:1cxx_variadic_templates


Detecting CXX [-std=c++98] compiler features compiled with the following output:
Change Dir: /home/mersdk/share/stellarium-mobile-1.24/rpmbuilddir/CMakeFiles/CMakeTmp

Run Build Command:"/usr/bin/gmake" "cmTC_6d645/fast"
gmake: Warning: File `Makefile' has modification time 0.8 s in the future
/usr/bin/gmake -f CMakeFiles/cmTC_6d645.dir/build.make CMakeFiles/cmTC_6d645.dir/build
gmake[1]: Entering directory `/home/mersdk/share/stellarium-mobile-1.24/rpmbuilddir/CMakeFiles/CMakeTmp'
gmake[1]: Warning: File `CMakeFiles/cmTC_6d645.dir/flags.make' has modification time 0.78 s in the future
Building CXX object CMakeFiles/cmTC_6d645.dir/feature_tests.cxx.o
/usr/bin/c++     -O2 -g -pipe -Wall -Wp,-D_FORTIFY_SOURCE=2 -fexceptions -fstack-protector --param=ssp-buffer-size=4 -Wformat -Wformat-security -m32 -msse -msse2 -march=i686 -mfpmath=sse -mtune=generic -fno-omit-frame-pointer -fasynchronous-unwind-tables     -std=c++98 -o CMakeFiles/cmTC_6d645.dir/feature_tests.cxx.o -c /home/mersdk/share/stellarium-mobile-1.24/rpmbuilddir/CMakeFiles/feature_tests.cxx
Linking CXX executable cmTC_6d645
/usr/bin/cmake -E cmake_link_script CMakeFiles/cmTC_6d645.dir/link.txt --verbose=1
/usr/bin/c++   -O2 -g -pipe -Wall -Wp,-D_FORTIFY_SOURCE=2 -fexceptions -fstack-protector --param=ssp-buffer-size=4 -Wformat -Wformat-security -m32 -msse -msse2 -march=i686 -mfpmath=sse -mtune=generic -fno-omit-frame-pointer -fasynchronous-unwind-tables      CMakeFiles/cmTC_6d645.dir/feature_tests.cxx.o  -o cmTC_6d645 -rdynamic 
gmake[1]: warning:  Clock skew detected.  Your build may be incomplete.
gmake[1]: Leaving directory `/home/mersdk/share/stellarium-mobile-1.24/rpmbuilddir/CMakeFiles/CMakeTmp'
gmake: warning:  Clock skew detected.  Your build may be incomplete.


    Feature record: CXX_FEATURE:0cxx_aggregate_default_initializers
    Feature record: CXX_FEATURE:0cxx_alias_templates
    Feature record: CXX_FEATURE:0cxx_alignas
    Feature record: CXX_FEATURE:0cxx_alignof
    Feature record: CXX_FEATURE:0cxx_attributes
    Feature record: CXX_FEATURE:0cxx_attribute_deprecated
    Feature record: CXX_FEATURE:0cxx_auto_type
    Feature record: CXX_FEATURE:0cxx_binary_literals
    Feature record: CXX_FEATURE:0cxx_constexpr
    Feature record: CXX_FEATURE:0cxx_contextual_conversions
    Feature record: CXX_FEATURE:0cxx_decltype
    Feature record: CXX_FEATURE:0cxx_decltype_auto
    Feature record: CXX_FEATURE:0cxx_decltype_incomplete_return_types
    Feature record: CXX_FEATURE:0cxx_default_function_template_args
    Feature record: CXX_FEATURE:0cxx_defaulted_functions
    Feature record: CXX_FEATURE:0cxx_defaulted_move_initializers
    Feature record: CXX_FEATURE:0cxx_delegating_constructors
    Feature record: CXX_FEATURE:0cxx_deleted_functions
    Feature record: CXX_FEATURE:0cxx_digit_separators
    Feature record: CXX_FEATURE:0cxx_enum_forward_declarations
    Feature record: CXX_FEATURE:0cxx_explicit_conversions
    Feature record: CXX_FEATURE:0cxx_extended_friend_declarations
    Feature record: CXX_FEATURE:0cxx_extern_templates
    Feature record: CXX_FEATURE:0cxx_final
    Feature record: CXX_FEATURE:0cxx_func_identifier
    Feature record: CXX_FEATURE:0cxx_generalized_initializers
    Feature record: CXX_FEATURE:0cxx_generic_lambdas
    Feature record: CXX_FEATURE:0cxx_inheriting_constructors
    Feature record: CXX_FEATURE:0cxx_inline_namespaces
    Feature record: CXX_FEATURE:0cxx_lambdas
    Feature record: CXX_FEATURE:0cxx_lambda_init_captures
    Feature record: CXX_FEATURE:0cxx_local_type_template_args
    Feature record: CXX_FEATURE:0cxx_long_long_type
    Feature record: CXX_FEATURE:0cxx_noexcept
    Feature record: CXX_FEATURE:0cxx_nonstatic_member_init
    Feature record: CXX_FEATURE:0cxx_nullptr
    Feature record: CXX_FEATURE:0cxx_override
    Feature record: CXX_FEATURE:0cxx_range_for
    Feature record: CXX_FEATURE:0cxx_raw_string_literals
    Feature record: CXX_FEATURE:0cxx_reference_qualified_functions
    Feature record: CXX_FEATURE:0cxx_relaxed_constexpr
    Feature record: CXX_FEATURE:0cxx_return_type_deduction
    Feature record: CXX_FEATURE:0cxx_right_angle_brackets
    Feature record: CXX_FEATURE:0cxx_rvalue_references
    Feature record: CXX_FEATURE:0cxx_sizeof_member
    Feature record: CXX_FEATURE:0cxx_static_assert
    Feature record: CXX_FEATURE:0cxx_strong_enums
    Feature record: CXX_FEATURE:1cxx_template_template_parameters
    Feature record: CXX_FEATURE:0cxx_thread_local
    Feature record: CXX_FEATURE:0cxx_trailing_return_types
    Feature record: CXX_FEATURE:0cxx_unicode_literals
    Feature record: CXX_FEATURE:0cxx_uniform_initialization
    Feature record: CXX_FEATURE:0cxx_unrestricted_unions
    Feature record: CXX_FEATURE:0cxx_user_literals
    Feature record: CXX_FEATURE:0cxx_variable_templates
    Feature record: CXX_FEATURE:0cxx_variadic_macros
    Feature record: CXX_FEATURE:0cxx_variadic_templates
Determining if the function pow10 exists passed with the following output:
Change Dir: /home/mersdk/share/stellarium-mobile-1.24/rpmbuilddir/CMakeFiles/CMakeTmp

Run Build Command:"/usr/bin/gmake" "cmTC_748a6/fast"
gmake: Warning: File `Makefile' has modification time 0.8 s in the future
/usr/bin/gmake -f CMakeFiles/cmTC_748a6.dir/build.make CMakeFiles/cmTC_748a6.dir/build
gmake[1]: Entering directory `/home/mersdk/share/stellarium-mobile-1.24/rpmbuilddir/CMakeFiles/CMakeTmp'
gmake[1]: Warning: File `CMakeFiles/cmTC_748a6.dir/flags.make' has modification time 0.78 s in the future
Building C object CMakeFiles/cmTC_748a6.dir/CheckFunctionExists.c.o
/usr/bin/cc    -O2 -g -pipe -Wall -Wp,-D_FORTIFY_SOURCE=2 -fexceptions -fstack-protector --param=ssp-buffer-size=4 -Wformat -Wformat-security -m32 -msse -msse2 -march=i686 -mfpmath=sse -mtune=generic -fno-omit-frame-pointer -fasynchronous-unwind-tables  -Wall -Wextra -Wno-unused-parameter -DCHECK_FUNCTION_EXISTS=pow10   -o CMakeFiles/cmTC_748a6.dir/CheckFunctionExists.c.o   -c /usr/share/cmake/Modules/CheckFunctionExists.c
<command-line>:0:23: warning: conflicting types for built-in function ‘pow10’ [enabled by default]
/usr/share/cmake/Modules/CheckFunctionExists.c:7:3: note: in expansion of macro ‘CHECK_FUNCTION_EXISTS’
   CHECK_FUNCTION_EXISTS();
   ^
Linking C executable cmTC_748a6
/usr/bin/cmake -E cmake_link_script CMakeFiles/cmTC_748a6.dir/link.txt --verbose=1
/usr/bin/cc  -O2 -g -pipe -Wall -Wp,-D_FORTIFY_SOURCE=2 -fexceptions -fstack-protector --param=ssp-buffer-size=4 -Wformat -Wformat-security -m32 -msse -msse2 -march=i686 -mfpmath=sse -mtune=generic -fno-omit-frame-pointer -fasynchronous-unwind-tables  -Wall -Wextra -Wno-unused-parameter -DCHECK_FUNCTION_EXISTS=pow10    CMakeFiles/cmTC_748a6.dir/CheckFunctionExists.c.o  -o cmTC_748a6 -rdynamic -lm 
gmake[1]: warning:  Clock skew detected.  Your build may be incomplete.
gmake[1]: Leaving directory `/home/mersdk/share/stellarium-mobile-1.24/rpmbuilddir/CMakeFiles/CMakeTmp'
gmake: warning:  Clock skew detected.  Your build may be incomplete.


